This job can be monitored from: https://job.c3se.chalmers.se/alvis/4094585
[I 2025-04-27 16:45:39,850] A new study created in memory with name: no-name-72b99ef7-5277-4c73-820e-712d7b9a01eb
>>> Training with SAM
>>> Loss configuration: focal
[I 2025-04-27 16:48:44,683] Trial 0 finished with value: 0.6986182583808899 and parameters: {'rho': 0.060000000000000005}. Best is trial 0 with value: 0.6986182583808899.
[I 2025-04-27 16:51:48,634] Trial 1 finished with value: 0.7529637237548829 and parameters: {'rho': 0.14}. Best is trial 0 with value: 0.6986182583808899.
[I 2025-04-27 16:54:52,793] Trial 2 finished with value: 0.6635548175811767 and parameters: {'rho': 0.09999999999999999}. Best is trial 2 with value: 0.6635548175811767.
[I 2025-04-27 16:57:56,786] Trial 3 finished with value: 0.8364881478428841 and parameters: {'rho': 0.19}. Best is trial 2 with value: 0.6635548175811767.
[I 2025-04-27 17:01:00,722] Trial 4 finished with value: 0.6786471421718597 and parameters: {'rho': 0.08}. Best is trial 2 with value: 0.6635548175811767.
[I 2025-04-27 17:04:04,651] Trial 5 finished with value: 0.8269961664199829 and parameters: {'rho': 0.01}. Best is trial 2 with value: 0.6635548175811767.
