This job can be monitored from: https://job.c3se.chalmers.se/alvis/4145661
[I 2025-05-02 13:55:58,463] A new study created in memory with name: no-name-0b6211fc-8c7f-46e7-baff-16477068b9c7
>>> Ottimizzazione di rho in corso...
[I 2025-05-02 13:59:08,766] Trial 0 finished with value: 0.7468575017929077 and parameters: {'rho': 0.18000000000000002}. Best is trial 0 with value: 0.7468575017929077.
[I 2025-05-02 14:02:13,834] Trial 1 finished with value: 0.9657288071155548 and parameters: {'rho': 0.19}. Best is trial 0 with value: 0.7468575017929077.
[I 2025-05-02 14:05:19,139] Trial 2 finished with value: 0.6751125910401344 and parameters: {'rho': 0.05}. Best is trial 2 with value: 0.6751125910401344.
[I 2025-05-02 14:08:24,434] Trial 3 finished with value: 0.8126893550872802 and parameters: {'rho': 0.06999999999999999}. Best is trial 2 with value: 0.6751125910401344.
[I 2025-05-02 14:11:34,936] Trial 4 finished with value: 0.8239611118793487 and parameters: {'rho': 0.16}. Best is trial 2 with value: 0.6751125910401344.
[I 2025-05-02 14:14:40,216] Trial 5 finished with value: 0.6519439985275268 and parameters: {'rho': 0.13}. Best is trial 5 with value: 0.6519439985275268.
[I 2025-05-02 14:17:45,577] Trial 6 finished with value: 0.9148621888160705 and parameters: {'rho': 0.16}. Best is trial 5 with value: 0.6519439985275268.
[I 2025-05-02 14:20:50,942] Trial 7 finished with value: 1.0726552661895752 and parameters: {'rho': 0.14}. Best is trial 5 with value: 0.6519439985275268.
[I 2025-05-02 14:23:56,186] Trial 8 finished with value: 0.7460527956724167 and parameters: {'rho': 0.12}. Best is trial 5 with value: 0.6519439985275268.
[I 2025-05-02 14:27:01,769] Trial 9 finished with value: 1.3162832754135132 and parameters: {'rho': 0.06999999999999999}. Best is trial 5 with value: 0.6519439985275268.
[I 2025-05-02 14:27:01,773] A new study created in memory with name: no-name-978ca6c6-c7d0-4ee3-9634-41381a5edc94
Best rho: 0.13 with validation loss: 0.6519
>>> Miglior rho trovato: 0.13
Valutazione - Loss: 1.3441, Accuracy: 0.2808
>>> Salvando il miglior modello del trial in results/model_sam_lambda_0.65_rho_0.13.pth
Valutazione - Loss: 1.1906, Accuracy: 0.3608
>>> Salvando il miglior modello del trial in results/model_sam_lambda_0.65_rho_0.13.pth
Valutazione - Loss: 1.0401, Accuracy: 0.4384
>>> Salvando il miglior modello del trial in results/model_sam_lambda_0.65_rho_0.13.pth
Valutazione - Loss: 0.9927, Accuracy: 0.5082
>>> Salvando il miglior modello del trial in results/model_sam_lambda_0.65_rho_0.13.pth
Valutazione - Loss: 0.7293, Accuracy: 0.6352
>>> Salvando il miglior modello del trial in results/model_sam_lambda_0.65_rho_0.13.pth
Valutazione - Loss: 0.5581, Accuracy: 0.7186
>>> Salvando il miglior modello del trial in results/model_sam_lambda_0.65_rho_0.13.pth
Valutazione - Loss: 0.6851, Accuracy: 0.6692
>>> Modello non migliorato. Accuratezza attuale: 0.6692, Migliore: 0.7186
Valutazione - Loss: 0.4653, Accuracy: 0.7674
>>> Salvando il miglior modello del trial in results/model_sam_lambda_0.65_rho_0.13.pth
Valutazione - Loss: 0.4237, Accuracy: 0.7866
>>> Salvando il miglior modello del trial in results/model_sam_lambda_0.65_rho_0.13.pth
Valutazione - Loss: 0.4691, Accuracy: 0.7630
>>> Modello non migliorato. Accuratezza attuale: 0.7630, Migliore: 0.7866
>>> Salvando il miglior modello del trial in results/model_sam_lambda_0.65_rho_0.13.pth con accuratezza: 0.7866
Valutazione finale - Loss: 0.4237, Accuracy: 0.7866
>>> Modello migliore ricaricato da results/model_sam_lambda_0.65_rho_0.13.pth
[I 2025-05-02 14:32:55,003] Trial 0 finished with value: 0.7678 and parameters: {'lambda_': 0.65}. Best is trial 0 with value: 0.7678.
Valutazione - Loss: 0.4671, Accuracy: 0.7678
Valutazione - Loss: 1.1363, Accuracy: 0.2708
>>> Salvando il miglior modello del trial in results/model_sam_lambda_0.50_rho_0.13.pth
Valutazione - Loss: 1.0228, Accuracy: 0.3338
>>> Salvando il miglior modello del trial in results/model_sam_lambda_0.50_rho_0.13.pth
Valutazione - Loss: 0.8803, Accuracy: 0.4430
>>> Salvando il miglior modello del trial in results/model_sam_lambda_0.50_rho_0.13.pth
Valutazione - Loss: 0.7586, Accuracy: 0.5300
>>> Salvando il miglior modello del trial in results/model_sam_lambda_0.50_rho_0.13.pth
Valutazione - Loss: 0.6292, Accuracy: 0.6066
>>> Salvando il miglior modello del trial in results/model_sam_lambda_0.50_rho_0.13.pth
Valutazione - Loss: 0.5026, Accuracy: 0.6868
>>> Salvando il miglior modello del trial in results/model_sam_lambda_0.50_rho_0.13.pth
Valutazione - Loss: 0.4077, Accuracy: 0.7424
>>> Salvando il miglior modello del trial in results/model_sam_lambda_0.50_rho_0.13.pth
Valutazione - Loss: 0.4466, Accuracy: 0.7326
>>> Modello non migliorato. Accuratezza attuale: 0.7326, Migliore: 0.7424
Valutazione - Loss: 0.3778, Accuracy: 0.7656
>>> Salvando il miglior modello del trial in results/model_sam_lambda_0.50_rho_0.13.pth
Valutazione - Loss: 0.3722, Accuracy: 0.7706
>>> Salvando il miglior modello del trial in results/model_sam_lambda_0.50_rho_0.13.pth
>>> Salvando il miglior modello del trial in results/model_sam_lambda_0.50_rho_0.13.pth con accuratezza: 0.7706
Valutazione finale - Loss: 0.3722, Accuracy: 0.7706
>>> Modello migliore ricaricato da results/model_sam_lambda_0.50_rho_0.13.pth
[I 2025-05-02 14:38:46,965] Trial 1 finished with value: 0.7702 and parameters: {'lambda_': 0.5}. Best is trial 0 with value: 0.7678.
Valutazione - Loss: 0.3731, Accuracy: 0.7702
Valutazione - Loss: 0.5680, Accuracy: 0.3018
>>> Salvando il miglior modello del trial in results/model_sam_lambda_0.15_rho_0.13.pth
Valutazione - Loss: 0.4611, Accuracy: 0.4236
>>> Salvando il miglior modello del trial in results/model_sam_lambda_0.15_rho_0.13.pth
Valutazione - Loss: 0.4120, Accuracy: 0.4822
>>> Salvando il miglior modello del trial in results/model_sam_lambda_0.15_rho_0.13.pth
Valutazione - Loss: 0.3578, Accuracy: 0.5496
>>> Salvando il miglior modello del trial in results/model_sam_lambda_0.15_rho_0.13.pth
Valutazione - Loss: 0.2906, Accuracy: 0.6184
>>> Salvando il miglior modello del trial in results/model_sam_lambda_0.15_rho_0.13.pth
Valutazione - Loss: 0.2711, Accuracy: 0.6444
>>> Salvando il miglior modello del trial in results/model_sam_lambda_0.15_rho_0.13.pth
Valutazione - Loss: 0.2437, Accuracy: 0.6788
>>> Salvando il miglior modello del trial in results/model_sam_lambda_0.15_rho_0.13.pth
Valutazione - Loss: 0.1990, Accuracy: 0.7510
>>> Salvando il miglior modello del trial in results/model_sam_lambda_0.15_rho_0.13.pth
Valutazione - Loss: 0.1692, Accuracy: 0.7898
>>> Salvando il miglior modello del trial in results/model_sam_lambda_0.15_rho_0.13.pth
Valutazione - Loss: 0.2126, Accuracy: 0.7424
>>> Modello non migliorato. Accuratezza attuale: 0.7424, Migliore: 0.7898
>>> Salvando il miglior modello del trial in results/model_sam_lambda_0.15_rho_0.13.pth con accuratezza: 0.7898
Valutazione finale - Loss: 0.1692, Accuracy: 0.7898
>>> Modello migliore ricaricato da results/model_sam_lambda_0.15_rho_0.13.pth
[I 2025-05-02 14:44:35,723] Trial 2 finished with value: 0.7384 and parameters: {'lambda_': 0.15000000000000002}. Best is trial 2 with value: 0.7384.
Valutazione - Loss: 0.2121, Accuracy: 0.7384
Valutazione - Loss: 1.1257, Accuracy: 0.3014
>>> Salvando il miglior modello del trial in results/model_sam_lambda_0.50_rho_0.13.pth
Valutazione - Loss: 1.0492, Accuracy: 0.3386
>>> Salvando il miglior modello del trial in results/model_sam_lambda_0.50_rho_0.13.pth
Valutazione - Loss: 0.9917, Accuracy: 0.3812
>>> Salvando il miglior modello del trial in results/model_sam_lambda_0.50_rho_0.13.pth
Valutazione - Loss: 0.9647, Accuracy: 0.3918
>>> Salvando il miglior modello del trial in results/model_sam_lambda_0.50_rho_0.13.pth
Valutazione - Loss: 0.7439, Accuracy: 0.5358
>>> Salvando il miglior modello del trial in results/model_sam_lambda_0.50_rho_0.13.pth
Valutazione - Loss: 0.6706, Accuracy: 0.5854
>>> Salvando il miglior modello del trial in results/model_sam_lambda_0.50_rho_0.13.pth
Valutazione - Loss: 0.5527, Accuracy: 0.6468
>>> Salvando il miglior modello del trial in results/model_sam_lambda_0.50_rho_0.13.pth
Valutazione - Loss: 0.5176, Accuracy: 0.6802
>>> Salvando il miglior modello del trial in results/model_sam_lambda_0.50_rho_0.13.pth
Valutazione - Loss: 0.4925, Accuracy: 0.7028
>>> Salvando il miglior modello del trial in results/model_sam_lambda_0.50_rho_0.13.pth
Valutazione - Loss: 0.4039, Accuracy: 0.7488
>>> Salvando il miglior modello del trial in results/model_sam_lambda_0.50_rho_0.13.pth
>>> Salvando il miglior modello del trial in results/model_sam_lambda_0.50_rho_0.13.pth con accuratezza: 0.7488
Valutazione finale - Loss: 0.4039, Accuracy: 0.7488
>>> Modello migliore ricaricato da results/model_sam_lambda_0.50_rho_0.13.pth
[I 2025-05-02 14:50:26,085] Trial 3 finished with value: 0.7528 and parameters: {'lambda_': 0.5}. Best is trial 2 with value: 0.7384.
Valutazione - Loss: 0.4021, Accuracy: 0.7528
Valutazione - Loss: 0.9229, Accuracy: 0.2414
>>> Salvando il miglior modello del trial in results/model_sam_lambda_0.35_rho_0.13.pth
Valutazione - Loss: 0.8365, Accuracy: 0.3328
>>> Salvando il miglior modello del trial in results/model_sam_lambda_0.35_rho_0.13.pth
Valutazione - Loss: 0.7355, Accuracy: 0.4078
>>> Salvando il miglior modello del trial in results/model_sam_lambda_0.35_rho_0.13.pth
Valutazione - Loss: 0.6315, Accuracy: 0.4970
>>> Salvando il miglior modello del trial in results/model_sam_lambda_0.35_rho_0.13.pth
Valutazione - Loss: 0.5245, Accuracy: 0.5786
>>> Salvando il miglior modello del trial in results/model_sam_lambda_0.35_rho_0.13.pth
Valutazione - Loss: 0.4277, Accuracy: 0.6644
>>> Salvando il miglior modello del trial in results/model_sam_lambda_0.35_rho_0.13.pth
Valutazione - Loss: 0.4108, Accuracy: 0.6762
>>> Salvando il miglior modello del trial in results/model_sam_lambda_0.35_rho_0.13.pth
Valutazione - Loss: 0.3220, Accuracy: 0.7468
>>> Salvando il miglior modello del trial in results/model_sam_lambda_0.35_rho_0.13.pth
Valutazione - Loss: 0.3114, Accuracy: 0.7552
>>> Salvando il miglior modello del trial in results/model_sam_lambda_0.35_rho_0.13.pth
Valutazione - Loss: 0.2950, Accuracy: 0.7640
>>> Salvando il miglior modello del trial in results/model_sam_lambda_0.35_rho_0.13.pth
>>> Salvando il miglior modello del trial in results/model_sam_lambda_0.35_rho_0.13.pth con accuratezza: 0.7640
Valutazione finale - Loss: 0.2950, Accuracy: 0.7640
>>> Modello migliore ricaricato da results/model_sam_lambda_0.35_rho_0.13.pth
[I 2025-05-02 14:56:16,848] Trial 4 finished with value: 0.7578 and parameters: {'lambda_': 0.35000000000000003}. Best is trial 2 with value: 0.7384.
Valutazione - Loss: 0.3018, Accuracy: 0.7578
Valutazione - Loss: 0.8296, Accuracy: 0.2682
>>> Salvando il miglior modello del trial in results/model_sam_lambda_0.30_rho_0.13.pth
Valutazione - Loss: 0.7247, Accuracy: 0.3322
>>> Salvando il miglior modello del trial in results/model_sam_lambda_0.30_rho_0.13.pth
Valutazione - Loss: 0.6688, Accuracy: 0.4046
>>> Salvando il miglior modello del trial in results/model_sam_lambda_0.30_rho_0.13.pth
Valutazione - Loss: 0.5351, Accuracy: 0.5182
>>> Salvando il miglior modello del trial in results/model_sam_lambda_0.30_rho_0.13.pth
Valutazione - Loss: 0.4420, Accuracy: 0.6090
>>> Salvando il miglior modello del trial in results/model_sam_lambda_0.30_rho_0.13.pth
Valutazione - Loss: 0.3636, Accuracy: 0.6818
>>> Salvando il miglior modello del trial in results/model_sam_lambda_0.30_rho_0.13.pth
Valutazione - Loss: 0.3133, Accuracy: 0.7138
>>> Salvando il miglior modello del trial in results/model_sam_lambda_0.30_rho_0.13.pth
Valutazione - Loss: 0.3020, Accuracy: 0.7466
>>> Salvando il miglior modello del trial in results/model_sam_lambda_0.30_rho_0.13.pth
Valutazione - Loss: 0.2617, Accuracy: 0.7746
>>> Salvando il miglior modello del trial in results/model_sam_lambda_0.30_rho_0.13.pth
Valutazione - Loss: 0.2288, Accuracy: 0.8004
>>> Salvando il miglior modello del trial in results/model_sam_lambda_0.30_rho_0.13.pth
>>> Salvando il miglior modello del trial in results/model_sam_lambda_0.30_rho_0.13.pth con accuratezza: 0.8004
Valutazione finale - Loss: 0.2288, Accuracy: 0.8004
>>> Modello migliore ricaricato da results/model_sam_lambda_0.30_rho_0.13.pth
[I 2025-05-02 15:02:08,084] Trial 5 finished with value: 0.7994 and parameters: {'lambda_': 0.30000000000000004}. Best is trial 2 with value: 0.7384.
Valutazione - Loss: 0.2283, Accuracy: 0.7994
Valutazione - Loss: 0.4088, Accuracy: 0.2890
>>> Salvando il miglior modello del trial in results/model_sam_lambda_0.05_rho_0.13.pth
Valutazione - Loss: 0.3543, Accuracy: 0.3544
>>> Salvando il miglior modello del trial in results/model_sam_lambda_0.05_rho_0.13.pth
Valutazione - Loss: 0.3075, Accuracy: 0.4434
>>> Salvando il miglior modello del trial in results/model_sam_lambda_0.05_rho_0.13.pth
Valutazione - Loss: 0.2420, Accuracy: 0.5626
>>> Salvando il miglior modello del trial in results/model_sam_lambda_0.05_rho_0.13.pth
Valutazione - Loss: 0.1972, Accuracy: 0.6306
>>> Salvando il miglior modello del trial in results/model_sam_lambda_0.05_rho_0.13.pth
Valutazione - Loss: 0.2004, Accuracy: 0.6418
>>> Salvando il miglior modello del trial in results/model_sam_lambda_0.05_rho_0.13.pth
Valutazione - Loss: 0.1481, Accuracy: 0.7206
>>> Salvando il miglior modello del trial in results/model_sam_lambda_0.05_rho_0.13.pth
Valutazione - Loss: 0.1364, Accuracy: 0.7446
>>> Salvando il miglior modello del trial in results/model_sam_lambda_0.05_rho_0.13.pth
Valutazione - Loss: 0.1387, Accuracy: 0.7418
>>> Modello non migliorato. Accuratezza attuale: 0.7418, Migliore: 0.7446
Valutazione - Loss: 0.1361, Accuracy: 0.7472
>>> Salvando il miglior modello del trial in results/model_sam_lambda_0.05_rho_0.13.pth
>>> Salvando il miglior modello del trial in results/model_sam_lambda_0.05_rho_0.13.pth con accuratezza: 0.7472
Valutazione finale - Loss: 0.1361, Accuracy: 0.7472
>>> Modello migliore ricaricato da results/model_sam_lambda_0.05_rho_0.13.pth
[I 2025-05-02 15:07:58,697] Trial 6 finished with value: 0.7492 and parameters: {'lambda_': 0.05}. Best is trial 2 with value: 0.7384.
Valutazione - Loss: 0.1367, Accuracy: 0.7492
Valutazione - Loss: 0.7457, Accuracy: 0.2632
>>> Salvando il miglior modello del trial in results/model_sam_lambda_0.25_rho_0.13.pth
Valutazione - Loss: 0.6204, Accuracy: 0.3844
>>> Salvando il miglior modello del trial in results/model_sam_lambda_0.25_rho_0.13.pth
Valutazione - Loss: 0.5325, Accuracy: 0.4688
>>> Salvando il miglior modello del trial in results/model_sam_lambda_0.25_rho_0.13.pth
Valutazione - Loss: 0.4992, Accuracy: 0.5328
>>> Salvando il miglior modello del trial in results/model_sam_lambda_0.25_rho_0.13.pth
Valutazione - Loss: 0.3874, Accuracy: 0.6336
>>> Salvando il miglior modello del trial in results/model_sam_lambda_0.25_rho_0.13.pth
Valutazione - Loss: 0.3595, Accuracy: 0.6492
>>> Salvando il miglior modello del trial in results/model_sam_lambda_0.25_rho_0.13.pth
Valutazione - Loss: 0.2739, Accuracy: 0.7404
>>> Salvando il miglior modello del trial in results/model_sam_lambda_0.25_rho_0.13.pth
Valutazione - Loss: 0.3024, Accuracy: 0.7140
>>> Modello non migliorato. Accuratezza attuale: 0.7140, Migliore: 0.7404
Valutazione - Loss: 0.2332, Accuracy: 0.7802
>>> Salvando il miglior modello del trial in results/model_sam_lambda_0.25_rho_0.13.pth
Valutazione - Loss: 0.2377, Accuracy: 0.7698
>>> Modello non migliorato. Accuratezza attuale: 0.7698, Migliore: 0.7802
>>> Salvando il miglior modello del trial in results/model_sam_lambda_0.25_rho_0.13.pth con accuratezza: 0.7802
Valutazione finale - Loss: 0.2332, Accuracy: 0.7802
>>> Modello migliore ricaricato da results/model_sam_lambda_0.25_rho_0.13.pth
[I 2025-05-02 15:13:49,955] Trial 7 finished with value: 0.7718 and parameters: {'lambda_': 0.25}. Best is trial 2 with value: 0.7384.
Valutazione - Loss: 0.2362, Accuracy: 0.7718
Valutazione - Loss: 0.8549, Accuracy: 0.2466
>>> Salvando il miglior modello del trial in results/model_sam_lambda_0.30_rho_0.13.pth
Valutazione - Loss: 0.7581, Accuracy: 0.3152
>>> Salvando il miglior modello del trial in results/model_sam_lambda_0.30_rho_0.13.pth
Valutazione - Loss: 0.6500, Accuracy: 0.4180
>>> Salvando il miglior modello del trial in results/model_sam_lambda_0.30_rho_0.13.pth
Valutazione - Loss: 0.5874, Accuracy: 0.4908
>>> Salvando il miglior modello del trial in results/model_sam_lambda_0.30_rho_0.13.pth
Valutazione - Loss: 0.4869, Accuracy: 0.5640
>>> Salvando il miglior modello del trial in results/model_sam_lambda_0.30_rho_0.13.pth
Valutazione - Loss: 0.4384, Accuracy: 0.6194
>>> Salvando il miglior modello del trial in results/model_sam_lambda_0.30_rho_0.13.pth
Valutazione - Loss: 0.3756, Accuracy: 0.6682
>>> Salvando il miglior modello del trial in results/model_sam_lambda_0.30_rho_0.13.pth
Valutazione - Loss: 0.3701, Accuracy: 0.6840
>>> Salvando il miglior modello del trial in results/model_sam_lambda_0.30_rho_0.13.pth
Valutazione - Loss: 0.3481, Accuracy: 0.7090
>>> Salvando il miglior modello del trial in results/model_sam_lambda_0.30_rho_0.13.pth
Valutazione - Loss: 0.3346, Accuracy: 0.7188
>>> Salvando il miglior modello del trial in results/model_sam_lambda_0.30_rho_0.13.pth
>>> Salvando il miglior modello del trial in results/model_sam_lambda_0.30_rho_0.13.pth con accuratezza: 0.7188
Valutazione finale - Loss: 0.3346, Accuracy: 0.7188
>>> Modello migliore ricaricato da results/model_sam_lambda_0.30_rho_0.13.pth
[I 2025-05-02 15:19:41,945] Trial 8 finished with value: 0.718 and parameters: {'lambda_': 0.30000000000000004}. Best is trial 8 with value: 0.718.
Valutazione - Loss: 0.3341, Accuracy: 0.7180
Valutazione - Loss: 1.3170, Accuracy: 0.2552
>>> Salvando il miglior modello del trial in results/model_sam_lambda_0.60_rho_0.13.pth
Valutazione - Loss: 1.1616, Accuracy: 0.3720
>>> Salvando il miglior modello del trial in results/model_sam_lambda_0.60_rho_0.13.pth
Valutazione - Loss: 1.0201, Accuracy: 0.4232
>>> Salvando il miglior modello del trial in results/model_sam_lambda_0.60_rho_0.13.pth
Valutazione - Loss: 0.7591, Accuracy: 0.5796
>>> Salvando il miglior modello del trial in results/model_sam_lambda_0.60_rho_0.13.pth
Valutazione - Loss: 0.6083, Accuracy: 0.6644
>>> Salvando il miglior modello del trial in results/model_sam_lambda_0.60_rho_0.13.pth
Valutazione - Loss: 0.5530, Accuracy: 0.7024
>>> Salvando il miglior modello del trial in results/model_sam_lambda_0.60_rho_0.13.pth
Valutazione - Loss: 0.5175, Accuracy: 0.7264
>>> Salvando il miglior modello del trial in results/model_sam_lambda_0.60_rho_0.13.pth
Valutazione - Loss: 0.4292, Accuracy: 0.7676
>>> Salvando il miglior modello del trial in results/model_sam_lambda_0.60_rho_0.13.pth
Valutazione - Loss: 0.4523, Accuracy: 0.7542
>>> Modello non migliorato. Accuratezza attuale: 0.7542, Migliore: 0.7676
Valutazione - Loss: 0.4506, Accuracy: 0.7524
>>> Modello non migliorato. Accuratezza attuale: 0.7524, Migliore: 0.7676
>>> Salvando il miglior modello del trial in results/model_sam_lambda_0.60_rho_0.13.pth con accuratezza: 0.7676
Valutazione finale - Loss: 0.4292, Accuracy: 0.7676
>>> Modello migliore ricaricato da results/model_sam_lambda_0.60_rho_0.13.pth
[I 2025-05-02 15:25:33,811] Trial 9 finished with value: 0.7524 and parameters: {'lambda_': 0.6000000000000001}. Best is trial 8 with value: 0.718.
Valutazione - Loss: 0.4574, Accuracy: 0.7524
>>> Miglior Lambda trovato: 0.3000
>>> Training with SAM
>>> Loss configuration: focal
>>> Training with SAM
>>> Loss configuration: focal
Valutazione - Loss: 0.2669, Accuracy: 0.7762
>>> Salvando il miglior modello del trial in results/model_sam_lambda_0.30_rho_0.13.pth
Valutazione - Loss: 0.2843, Accuracy: 0.7622
>>> Modello non migliorato. Accuratezza attuale: 0.7622, Migliore: 0.7762
Valutazione - Loss: 0.2482, Accuracy: 0.7898
>>> Salvando il miglior modello del trial in results/model_sam_lambda_0.30_rho_0.13.pth
Valutazione - Loss: 0.2576, Accuracy: 0.7706
>>> Modello non migliorato. Accuratezza attuale: 0.7706, Migliore: 0.7898
Valutazione - Loss: 0.2368, Accuracy: 0.7888
>>> Modello non migliorato. Accuratezza attuale: 0.7888, Migliore: 0.7898
Valutazione - Loss: 0.2083, Accuracy: 0.8194
>>> Salvando il miglior modello del trial in results/model_sam_lambda_0.30_rho_0.13.pth
Valutazione - Loss: 0.2197, Accuracy: 0.8096
>>> Modello non migliorato. Accuratezza attuale: 0.8096, Migliore: 0.8194
Valutazione - Loss: 0.1975, Accuracy: 0.8348
>>> Salvando il miglior modello del trial in results/model_sam_lambda_0.30_rho_0.13.pth
Valutazione - Loss: 0.2412, Accuracy: 0.7940
>>> Modello non migliorato. Accuratezza attuale: 0.7940, Migliore: 0.8348
Valutazione - Loss: 0.1842, Accuracy: 0.8350
>>> Salvando il miglior modello del trial in results/model_sam_lambda_0.30_rho_0.13.pth
>>> Salvando il miglior modello del trial in results/model_sam_lambda_0.30_rho_0.13.pth con accuratezza: 0.8350
Valutazione finale - Loss: 0.1842, Accuracy: 0.8350
>>> Modello migliore ricaricato da results/model_sam_lambda_0.30_rho_0.13.pth
>>> Modello migliore ricaricato da results/model_sam_lambda_0.30_rho_0.13.pth

Valutazione - Loss: 0.1844, Accuracy: 0.8402
Valutazione - Loss: 0.4523, Accuracy: 0.8432
Sharpness: 2.3972497076937203e+35
Total parameters: 3412394, Zero parameters: 0
Sparcity: 0.0, Path norm: 25.78325420220399
Stability: 1.9983469101703122e-08, PredVar: 5.438460164657434e-15

>>> Metriche calcolate:
lambda: 0.3000
val_loss: 0.1844
val_accuracy: 0.8402
test_loss: 0.4523
test_accuracy: 0.8432
sharpness: 239724970769372027922079154972917760.0000
sparsity: 0.0000
path_norm: 25.7833
stability: 1.9983469101703122e-08
prediction_variance: 5.438460164657434e-15
robust_accuracy: 0.4238
flat_minima: 0.0026
ece: 0.07354258000850677
Risultati aggiunti a results/metrics_summary.csv
Training completo e metriche salvate!
