This job can be monitored from: https://job.c3se.chalmers.se/alvis/4143889
[I 2025-05-02 08:49:47,297] A new study created in memory with name: no-name-0f2feaca-0bd8-47d8-b2e6-754825ff09e1
Valutazione - Loss: 1.5218, Accuracy: 0.2612
Valutazione - Loss: 1.3885, Accuracy: 0.3786
Valutazione - Loss: 1.2347, Accuracy: 0.4454
Valutazione - Loss: 1.1517, Accuracy: 0.4614
Valutazione - Loss: 0.9724, Accuracy: 0.5728
Valutazione - Loss: 0.7743, Accuracy: 0.6500
Valutazione - Loss: 0.8466, Accuracy: 0.6132
Valutazione - Loss: 0.6392, Accuracy: 0.7244
Valutazione - Loss: 0.6608, Accuracy: 0.7092
Valutazione - Loss: 0.5503, Accuracy: 0.7540
>>> Salvando il miglior modello del trial in results/model_sgd_lambda_0.75_rho_None.pth con accuratezza: 0.7540
Valutazione finale - Loss: 0.5503, Accuracy: 0.7540
>>> Modello migliore ricaricato da results/model_sgd_lambda_0.75_rho_None.pth
[I 2025-05-02 08:55:06,774] Trial 0 finished with value: 0.7562 and parameters: {'lambda_': 0.75}. Best is trial 0 with value: 0.7562.
Valutazione - Loss: 0.5385, Accuracy: 0.7562
Valutazione - Loss: 1.3818, Accuracy: 0.2966
Valutazione - Loss: 1.3612, Accuracy: 0.3728
Valutazione - Loss: 1.1414, Accuracy: 0.4590
Valutazione - Loss: 0.9497, Accuracy: 0.5844
Valutazione - Loss: 0.7723, Accuracy: 0.6376
Valutazione - Loss: 0.7734, Accuracy: 0.6384
Valutazione - Loss: 0.6245, Accuracy: 0.7086
Valutazione - Loss: 0.4975, Accuracy: 0.7712
Valutazione - Loss: 0.5297, Accuracy: 0.7488
Valutazione - Loss: 0.5248, Accuracy: 0.7654
>>> Salvando il miglior modello del trial in results/model_sgd_lambda_0.70_rho_None.pth con accuratezza: 0.7712
Valutazione finale - Loss: 0.4975, Accuracy: 0.7712
>>> Modello migliore ricaricato da results/model_sgd_lambda_0.70_rho_None.pth
[I 2025-05-02 09:00:19,665] Trial 1 finished with value: 0.7592 and parameters: {'lambda_': 0.7000000000000001}. Best is trial 0 with value: 0.7562.
Valutazione - Loss: 0.5353, Accuracy: 0.7592
Valutazione - Loss: 1.7738, Accuracy: 0.2516
Valutazione - Loss: 1.6289, Accuracy: 0.3364
Valutazione - Loss: 1.6156, Accuracy: 0.3998
Valutazione - Loss: 1.3484, Accuracy: 0.4724
Valutazione - Loss: 0.9891, Accuracy: 0.6102
Valutazione - Loss: 0.8827, Accuracy: 0.6648
Valutazione - Loss: 0.8404, Accuracy: 0.6882
Valutazione - Loss: 0.7473, Accuracy: 0.7210
Valutazione - Loss: 0.7043, Accuracy: 0.7400
Valutazione - Loss: 0.5876, Accuracy: 0.7746
>>> Salvando il miglior modello del trial in results/model_sgd_lambda_0.90_rho_None.pth con accuratezza: 0.7746
Valutazione finale - Loss: 0.5876, Accuracy: 0.7746
>>> Modello migliore ricaricato da results/model_sgd_lambda_0.90_rho_None.pth
[I 2025-05-02 09:05:32,462] Trial 2 finished with value: 0.774 and parameters: {'lambda_': 0.9}. Best is trial 0 with value: 0.7562.
Valutazione - Loss: 0.5936, Accuracy: 0.7740
Valutazione - Loss: 1.7170, Accuracy: 0.3422
Valutazione - Loss: 1.5377, Accuracy: 0.4278
Valutazione - Loss: 1.2849, Accuracy: 0.5068
Valutazione - Loss: 1.0329, Accuracy: 0.6126
Valutazione - Loss: 0.8956, Accuracy: 0.6730
Valutazione - Loss: 0.7732, Accuracy: 0.7138
Valutazione - Loss: 0.7370, Accuracy: 0.7224
Valutazione - Loss: 0.6960, Accuracy: 0.7392
Valutazione - Loss: 0.5780, Accuracy: 0.7834
Valutazione - Loss: 0.6019, Accuracy: 0.7832
>>> Salvando il miglior modello del trial in results/model_sgd_lambda_0.95_rho_None.pth con accuratezza: 0.7834
Valutazione finale - Loss: 0.5780, Accuracy: 0.7834
>>> Modello migliore ricaricato da results/model_sgd_lambda_0.95_rho_None.pth
[I 2025-05-02 09:10:46,292] Trial 3 finished with value: 0.7796 and parameters: {'lambda_': 0.9500000000000001}. Best is trial 0 with value: 0.7562.
Valutazione - Loss: 0.5987, Accuracy: 0.7796
Valutazione - Loss: 1.3738, Accuracy: 0.3558
Valutazione - Loss: 1.2217, Accuracy: 0.4316
Valutazione - Loss: 1.0505, Accuracy: 0.5192
Valutazione - Loss: 0.8945, Accuracy: 0.5992
Valutazione - Loss: 0.7398, Accuracy: 0.6568
Valutazione - Loss: 0.7336, Accuracy: 0.6884
Valutazione - Loss: 0.6145, Accuracy: 0.7212
Valutazione - Loss: 0.5308, Accuracy: 0.7616
Valutazione - Loss: 0.5045, Accuracy: 0.7772
Valutazione - Loss: 0.5278, Accuracy: 0.7676
>>> Salvando il miglior modello del trial in results/model_sgd_lambda_0.75_rho_None.pth con accuratezza: 0.7772
Valutazione finale - Loss: 0.5045, Accuracy: 0.7772
>>> Modello migliore ricaricato da results/model_sgd_lambda_0.75_rho_None.pth
[I 2025-05-02 09:15:59,916] Trial 4 finished with value: 0.7706 and parameters: {'lambda_': 0.75}. Best is trial 0 with value: 0.7562.
Valutazione - Loss: 0.5176, Accuracy: 0.7706
Valutazione - Loss: 0.6547, Accuracy: 0.4190
Valutazione - Loss: 0.5687, Accuracy: 0.5166
Valutazione - Loss: 0.4315, Accuracy: 0.6110
Valutazione - Loss: 0.3368, Accuracy: 0.6970
Valutazione - Loss: 0.2956, Accuracy: 0.7414
Valutazione - Loss: 0.2931, Accuracy: 0.7482
Valutazione - Loss: 0.2448, Accuracy: 0.7828
Valutazione - Loss: 0.2445, Accuracy: 0.7844
Valutazione - Loss: 0.2332, Accuracy: 0.7914
Valutazione - Loss: 0.2754, Accuracy: 0.7624
>>> Salvando il miglior modello del trial in results/model_sgd_lambda_0.30_rho_None.pth con accuratezza: 0.7914
Valutazione finale - Loss: 0.2332, Accuracy: 0.7914
>>> Modello migliore ricaricato da results/model_sgd_lambda_0.30_rho_None.pth
[I 2025-05-02 09:21:12,966] Trial 5 finished with value: 0.7602 and parameters: {'lambda_': 0.30000000000000004}. Best is trial 0 with value: 0.7562.
Valutazione - Loss: 0.2827, Accuracy: 0.7602
Valutazione - Loss: 0.4743, Accuracy: 0.4076
Valutazione - Loss: 0.4307, Accuracy: 0.4692
Valutazione - Loss: 0.3230, Accuracy: 0.5982
Valutazione - Loss: 0.2746, Accuracy: 0.6500
Valutazione - Loss: 0.2604, Accuracy: 0.6762
Valutazione - Loss: 0.2726, Accuracy: 0.6742
Valutazione - Loss: 0.1984, Accuracy: 0.7406
Valutazione - Loss: 0.1753, Accuracy: 0.7730
Valutazione - Loss: 0.1884, Accuracy: 0.7582
Valutazione - Loss: 0.1641, Accuracy: 0.7844
>>> Salvando il miglior modello del trial in results/model_sgd_lambda_0.15_rho_None.pth con accuratezza: 0.7844
Valutazione finale - Loss: 0.1641, Accuracy: 0.7844
>>> Modello migliore ricaricato da results/model_sgd_lambda_0.15_rho_None.pth
[I 2025-05-02 09:26:25,888] Trial 6 finished with value: 0.785 and parameters: {'lambda_': 0.15000000000000002}. Best is trial 0 with value: 0.7562.
Valutazione - Loss: 0.1645, Accuracy: 0.7850
Valutazione - Loss: 0.4234, Accuracy: 0.4016
Valutazione - Loss: 0.3619, Accuracy: 0.4628
Valutazione - Loss: 0.3710, Accuracy: 0.5122
Valutazione - Loss: 0.1919, Accuracy: 0.7012
Valutazione - Loss: 0.1933, Accuracy: 0.7146
Valutazione - Loss: 0.1753, Accuracy: 0.7280
Valutazione - Loss: 0.1598, Accuracy: 0.7608
Valutazione - Loss: 0.1424, Accuracy: 0.7822
Valutazione - Loss: 0.1414, Accuracy: 0.7870
Valutazione - Loss: 0.1571, Accuracy: 0.7616
>>> Salvando il miglior modello del trial in results/model_sgd_lambda_0.10_rho_None.pth con accuratezza: 0.7870
Valutazione finale - Loss: 0.1414, Accuracy: 0.7870
>>> Modello migliore ricaricato da results/model_sgd_lambda_0.10_rho_None.pth
[I 2025-05-02 09:31:39,389] Trial 7 finished with value: 0.7596 and parameters: {'lambda_': 0.1}. Best is trial 0 with value: 0.7562.
Valutazione - Loss: 0.1564, Accuracy: 0.7596
Valutazione - Loss: 0.4245, Accuracy: 0.3684
Valutazione - Loss: 0.3107, Accuracy: 0.5444
Valutazione - Loss: 0.2624, Accuracy: 0.5968
Valutazione - Loss: 0.1992, Accuracy: 0.6962
Valutazione - Loss: 0.1698, Accuracy: 0.7458
Valutazione - Loss: 0.1888, Accuracy: 0.7148
Valutazione - Loss: 0.1610, Accuracy: 0.7516
Valutazione - Loss: 0.1374, Accuracy: 0.7872
Valutazione - Loss: 0.1696, Accuracy: 0.7488
Valutazione - Loss: 0.1601, Accuracy: 0.7580
>>> Salvando il miglior modello del trial in results/model_sgd_lambda_0.10_rho_None.pth con accuratezza: 0.7872
Valutazione finale - Loss: 0.1374, Accuracy: 0.7872
>>> Modello migliore ricaricato da results/model_sgd_lambda_0.10_rho_None.pth
[I 2025-05-02 09:36:51,476] Trial 8 finished with value: 0.7572 and parameters: {'lambda_': 0.1}. Best is trial 0 with value: 0.7562.
Valutazione - Loss: 0.1581, Accuracy: 0.7572
Valutazione - Loss: 1.6649, Accuracy: 0.2956
Valutazione - Loss: 1.4236, Accuracy: 0.3908
Valutazione - Loss: 1.3709, Accuracy: 0.4274
Valutazione - Loss: 1.2225, Accuracy: 0.5118
Valutazione - Loss: 0.9941, Accuracy: 0.5872
Valutazione - Loss: 0.8259, Accuracy: 0.6594
Valutazione - Loss: 0.7652, Accuracy: 0.6954
Valutazione - Loss: 0.7159, Accuracy: 0.7184
Valutazione - Loss: 0.6768, Accuracy: 0.7300
Valutazione - Loss: 0.5867, Accuracy: 0.7660
>>> Salvando il miglior modello del trial in results/model_sgd_lambda_0.85_rho_None.pth con accuratezza: 0.7660
Valutazione finale - Loss: 0.5867, Accuracy: 0.7660
>>> Modello migliore ricaricato da results/model_sgd_lambda_0.85_rho_None.pth
[I 2025-05-02 09:42:05,066] Trial 9 finished with value: 0.7632 and parameters: {'lambda_': 0.8500000000000001}. Best is trial 0 with value: 0.7562.
Valutazione - Loss: 0.5785, Accuracy: 0.7632
>>> Miglior Lambda trovato: 0.7500
>>> Training with SGD
>>> Loss configuration: focal
>>> Training with SGD
>>> Loss configuration: focal
Valutazione - Loss: 1.4652, Accuracy: 0.3232
Valutazione - Loss: 1.2598, Accuracy: 0.4122
Valutazione - Loss: 1.1746, Accuracy: 0.4632
Valutazione - Loss: 1.0891, Accuracy: 0.5192
Valutazione - Loss: 0.8138, Accuracy: 0.6392
Valutazione - Loss: 0.7024, Accuracy: 0.6782
Valutazione - Loss: 0.6058, Accuracy: 0.7326
Valutazione - Loss: 0.5938, Accuracy: 0.7264
Valutazione - Loss: 0.5570, Accuracy: 0.7444
Valutazione - Loss: 0.5304, Accuracy: 0.7662
>>> Salvando il miglior modello del trial in results/model_sgd_lambda_0.75_rho_None.pth con accuratezza: 0.7662
Valutazione finale - Loss: 0.5304, Accuracy: 0.7662
>>> Modello migliore ricaricato da results/model_sgd_lambda_0.75_rho_None.pth
>>> Modello migliore ricaricato da results/model_sgd_lambda_0.75_rho_None.pth

Valutazione - Loss: 0.5202, Accuracy: 0.7684
Valutazione - Loss: 0.6772, Accuracy: 0.7735
Sharpness: 216.5895193558705
Total parameters: 3412394, Zero parameters: 0
Sparcity: 0.0, Path norm: 35.515545734677275
Stability: 2.0841611103605828e-08, PredVar: 5.906688542954824e-15

>>> Metriche calcolate:
lambda: 0.7500
val_loss: 0.5202
val_accuracy: 0.7684
test_loss: 0.6772
test_accuracy: 0.7735
sharpness: 216.5895
sparsity: 0.0000
path_norm: 35.5155
stability: 2.0841611103605828e-08
prediction_variance: 5.906688542954824e-15
robust_accuracy: 0.4528
flat_minima: 0.0033
ece: 0.08884172886610031
Risultati aggiunti a results/metrics_summary.csv
Training completo e metriche salvate!
