This job can be monitored from: https://job.c3se.chalmers.se/alvis/4293930
[I 2025-05-12 11:38:36,248] A new study created in memory with name: no-name-20efea5a-7fea-43d3-bb7d-d2178b37a247
Valutazione - Loss: 1.8998, Accuracy: 0.2926
Valutazione - Loss: 1.8185, Accuracy: 0.3556
Valutazione - Loss: 1.5452, Accuracy: 0.4742
Valutazione - Loss: 1.3497, Accuracy: 0.5626
Valutazione - Loss: 1.1777, Accuracy: 0.6350
Valutazione - Loss: 1.1328, Accuracy: 0.6576
Valutazione - Loss: 1.0480, Accuracy: 0.6846
Valutazione - Loss: 0.9492, Accuracy: 0.7418
Valutazione - Loss: 0.9454, Accuracy: 0.7410
Valutazione - Loss: 0.8230, Accuracy: 0.7812
>>> Salvando il miglior modello del trial in results/model_sgd_lambda_0.80_rho_None.pth con accuratezza: 0.7812
Valutazione finale - Loss: 0.8230, Accuracy: 0.7812
>>> Modello migliore ricaricato da results/model_sgd_lambda_0.80_rho_None.pth
[I 2025-05-12 11:43:59,450] Trial 0 finished with value: 0.7808 and parameters: {'lambda_': 0.8}. Best is trial 0 with value: 0.7808.
Valutazione - Loss: 0.8286, Accuracy: 0.7808
Valutazione - Loss: 2.0129, Accuracy: 0.3392
Valutazione - Loss: 1.7905, Accuracy: 0.5666
Valutazione - Loss: 1.7229, Accuracy: 0.6400
Valutazione - Loss: 1.6766, Accuracy: 0.6874
Valutazione - Loss: 1.6439, Accuracy: 0.7174
Valutazione - Loss: 1.6106, Accuracy: 0.7492
Valutazione - Loss: 1.5855, Accuracy: 0.7686
Valutazione - Loss: 1.5862, Accuracy: 0.7720
Valutazione - Loss: 1.6071, Accuracy: 0.7496
Valutazione - Loss: 1.5792, Accuracy: 0.7794
>>> Salvando il miglior modello del trial in results/model_sgd_lambda_0.05_rho_None.pth con accuratezza: 0.7794
Valutazione finale - Loss: 1.5792, Accuracy: 0.7794
>>> Modello migliore ricaricato da results/model_sgd_lambda_0.05_rho_None.pth
[I 2025-05-12 11:49:14,140] Trial 1 finished with value: 0.7852 and parameters: {'lambda_': 0.05}. Best is trial 1 with value: 0.7852.
Valutazione - Loss: 1.5760, Accuracy: 0.7852
Valutazione - Loss: 1.8369, Accuracy: 0.3226
Valutazione - Loss: 1.6145, Accuracy: 0.4028
Valutazione - Loss: 1.4597, Accuracy: 0.5022
Valutazione - Loss: 1.2465, Accuracy: 0.5722
Valutazione - Loss: 1.0312, Accuracy: 0.6632
Valutazione - Loss: 0.9399, Accuracy: 0.6976
Valutazione - Loss: 0.8194, Accuracy: 0.7454
Valutazione - Loss: 0.7962, Accuracy: 0.7528
Valutazione - Loss: 0.7468, Accuracy: 0.7700
Valutazione - Loss: 0.7120, Accuracy: 0.7902
>>> Salvando il miglior modello del trial in results/model_sgd_lambda_0.90_rho_None.pth con accuratezza: 0.7902
Valutazione finale - Loss: 0.7120, Accuracy: 0.7902
>>> Modello migliore ricaricato da results/model_sgd_lambda_0.90_rho_None.pth
[I 2025-05-12 11:54:27,720] Trial 2 finished with value: 0.7918 and parameters: {'lambda_': 0.9}. Best is trial 2 with value: 0.7918.
Valutazione - Loss: 0.7073, Accuracy: 0.7918
Valutazione - Loss: 1.9299, Accuracy: 0.3074
Valutazione - Loss: 1.7089, Accuracy: 0.4436
Valutazione - Loss: 1.5344, Accuracy: 0.5208
Valutazione - Loss: 1.3480, Accuracy: 0.6084
Valutazione - Loss: 1.1686, Accuracy: 0.6958
Valutazione - Loss: 1.0853, Accuracy: 0.7360
Valutazione - Loss: 1.0714, Accuracy: 0.7494
Valutazione - Loss: 1.0764, Accuracy: 0.7560
Valutazione - Loss: 1.0229, Accuracy: 0.7706
Valutazione - Loss: 1.0779, Accuracy: 0.7520
>>> Salvando il miglior modello del trial in results/model_sgd_lambda_0.65_rho_None.pth con accuratezza: 0.7706
Valutazione finale - Loss: 1.0229, Accuracy: 0.7706
>>> Modello migliore ricaricato da results/model_sgd_lambda_0.65_rho_None.pth
[I 2025-05-12 11:59:40,891] Trial 3 finished with value: 0.7506 and parameters: {'lambda_': 0.65}. Best is trial 2 with value: 0.7918.
Valutazione - Loss: 1.0760, Accuracy: 0.7506
Valutazione - Loss: 1.9115, Accuracy: 0.4086
Valutazione - Loss: 1.8681, Accuracy: 0.4526
Valutazione - Loss: 1.7320, Accuracy: 0.5574
Valutazione - Loss: 1.5627, Accuracy: 0.6840
Valutazione - Loss: 1.5380, Accuracy: 0.7050
Valutazione - Loss: 1.4901, Accuracy: 0.7448
Valutazione - Loss: 1.5246, Accuracy: 0.7240
Valutazione - Loss: 1.4864, Accuracy: 0.7446
Valutazione - Loss: 1.4466, Accuracy: 0.7754
Valutazione - Loss: 1.4180, Accuracy: 0.7928
>>> Salvando il miglior modello del trial in results/model_sgd_lambda_0.20_rho_None.pth con accuratezza: 0.7928
Valutazione finale - Loss: 1.4180, Accuracy: 0.7928
>>> Modello migliore ricaricato da results/model_sgd_lambda_0.20_rho_None.pth
[I 2025-05-12 12:04:54,202] Trial 4 finished with value: 0.7884 and parameters: {'lambda_': 0.2}. Best is trial 2 with value: 0.7918.
Valutazione - Loss: 1.4209, Accuracy: 0.7884
Valutazione - Loss: 1.8184, Accuracy: 0.3698
Valutazione - Loss: 1.5764, Accuracy: 0.5180
Valutazione - Loss: 1.4519, Accuracy: 0.5830
Valutazione - Loss: 1.3185, Accuracy: 0.6502
Valutazione - Loss: 1.1911, Accuracy: 0.7140
Valutazione - Loss: 1.1312, Accuracy: 0.7466
Valutazione - Loss: 1.0686, Accuracy: 0.7700
Valutazione - Loss: 1.0363, Accuracy: 0.7872
Valutazione - Loss: 1.0445, Accuracy: 0.7890
Valutazione - Loss: 1.0583, Accuracy: 0.7852
>>> Salvando il miglior modello del trial in results/model_sgd_lambda_0.60_rho_None.pth con accuratezza: 0.7890
Valutazione finale - Loss: 1.0445, Accuracy: 0.7890
>>> Modello migliore ricaricato da results/model_sgd_lambda_0.60_rho_None.pth
[I 2025-05-12 12:10:09,752] Trial 5 finished with value: 0.774 and parameters: {'lambda_': 0.6000000000000001}. Best is trial 2 with value: 0.7918.
Valutazione - Loss: 1.0641, Accuracy: 0.7740
Valutazione - Loss: 1.8157, Accuracy: 0.3516
Valutazione - Loss: 1.5694, Accuracy: 0.4418
Valutazione - Loss: 1.2898, Accuracy: 0.5526
Valutazione - Loss: 1.2476, Accuracy: 0.5912
Valutazione - Loss: 1.1059, Accuracy: 0.6340
Valutazione - Loss: 0.9167, Accuracy: 0.7060
Valutazione - Loss: 0.8724, Accuracy: 0.7238
Valutazione - Loss: 0.7993, Accuracy: 0.7628
Valutazione - Loss: 0.8004, Accuracy: 0.7556
Valutazione - Loss: 0.7492, Accuracy: 0.7782
>>> Salvando il miglior modello del trial in results/model_sgd_lambda_0.90_rho_None.pth con accuratezza: 0.7782
Valutazione finale - Loss: 0.7492, Accuracy: 0.7782
>>> Modello migliore ricaricato da results/model_sgd_lambda_0.90_rho_None.pth
[I 2025-05-12 12:15:24,546] Trial 6 finished with value: 0.7722 and parameters: {'lambda_': 0.9}. Best is trial 2 with value: 0.7918.
Valutazione - Loss: 0.7495, Accuracy: 0.7722
Valutazione - Loss: 1.8884, Accuracy: 0.4342
Valutazione - Loss: 1.7816, Accuracy: 0.5390
Valutazione - Loss: 1.6819, Accuracy: 0.6204
Valutazione - Loss: 1.5890, Accuracy: 0.7008
Valutazione - Loss: 1.5410, Accuracy: 0.7370
Valutazione - Loss: 1.5548, Accuracy: 0.7164
Valutazione - Loss: 1.5097, Accuracy: 0.7566
Valutazione - Loss: 1.4805, Accuracy: 0.7806
Valutazione - Loss: 1.5049, Accuracy: 0.7712
Valutazione - Loss: 1.4998, Accuracy: 0.7678
>>> Salvando il miglior modello del trial in results/model_sgd_lambda_0.15_rho_None.pth con accuratezza: 0.7806
Valutazione finale - Loss: 1.4805, Accuracy: 0.7806
>>> Modello migliore ricaricato da results/model_sgd_lambda_0.15_rho_None.pth
[I 2025-05-12 12:20:37,664] Trial 7 finished with value: 0.7724 and parameters: {'lambda_': 0.15000000000000002}. Best is trial 2 with value: 0.7918.
Valutazione - Loss: 1.4934, Accuracy: 0.7724
Valutazione - Loss: 2.0520, Accuracy: 0.2160
Valutazione - Loss: 1.6837, Accuracy: 0.3658
Valutazione - Loss: 1.6161, Accuracy: 0.4094
Valutazione - Loss: 1.3203, Accuracy: 0.5118
Valutazione - Loss: 1.3036, Accuracy: 0.5424
Valutazione - Loss: 1.2051, Accuracy: 0.5704
Valutazione - Loss: 0.9529, Accuracy: 0.6592
Valutazione - Loss: 0.8275, Accuracy: 0.7158
Valutazione - Loss: 0.8126, Accuracy: 0.7124
Valutazione - Loss: 0.8223, Accuracy: 0.7232
>>> Salvando il miglior modello del trial in results/model_sgd_lambda_1.00_rho_None.pth con accuratezza: 0.7232
Valutazione finale - Loss: 0.8223, Accuracy: 0.7232
>>> Modello migliore ricaricato da results/model_sgd_lambda_1.00_rho_None.pth
[I 2025-05-12 12:25:49,529] Trial 8 finished with value: 0.7212 and parameters: {'lambda_': 1.0}. Best is trial 2 with value: 0.7918.
Valutazione - Loss: 0.8369, Accuracy: 0.7212
Valutazione - Loss: 1.9997, Accuracy: 0.3724
Valutazione - Loss: 1.8104, Accuracy: 0.5330
Valutazione - Loss: 1.8525, Accuracy: 0.5120
Valutazione - Loss: 1.7568, Accuracy: 0.6014
Valutazione - Loss: 1.6083, Accuracy: 0.7158
Valutazione - Loss: 1.5973, Accuracy: 0.7228
Valutazione - Loss: 1.5812, Accuracy: 0.7366
Valutazione - Loss: 1.5783, Accuracy: 0.7428
Valutazione - Loss: 1.5388, Accuracy: 0.7660
Valutazione - Loss: 1.5523, Accuracy: 0.7594
>>> Salvando il miglior modello del trial in results/model_sgd_lambda_0.10_rho_None.pth con accuratezza: 0.7660
Valutazione finale - Loss: 1.5388, Accuracy: 0.7660
>>> Modello migliore ricaricato da results/model_sgd_lambda_0.10_rho_None.pth
[I 2025-05-12 12:31:02,457] Trial 9 finished with value: 0.7624 and parameters: {'lambda_': 0.1}. Best is trial 2 with value: 0.7918.
[I 2025-05-12 12:31:02,458] A new study created in memory with name: no-name-18ba63f3-0663-4d00-abda-a36f0bd5b3e7
Valutazione - Loss: 1.5499, Accuracy: 0.7624
>>> Miglior Lambda trovato: 0.9000
>>> Training with SGD
>>> Loss configuration: logitnorm
Valutazione - Loss: 1.8629, Accuracy: 0.3980
Valutazione - Loss: 1.7184, Accuracy: 0.4960
Valutazione - Loss: 1.5739, Accuracy: 0.5814
Valutazione - Loss: 1.4048, Accuracy: 0.6886
Valutazione - Loss: 1.3149, Accuracy: 0.7398
Valutazione - Loss: 1.3595, Accuracy: 0.7202
Valutazione - Loss: 1.2854, Accuracy: 0.7576
Valutazione - Loss: 1.2142, Accuracy: 0.7990
Valutazione - Loss: 1.2454, Accuracy: 0.7792
Valutazione - Loss: 1.3345, Accuracy: 0.7438
>>> Salvando il miglior modello del trial in results/model_sgd_lambda_0.40_rho_None.pth con accuratezza: 0.7990
Valutazione finale - Loss: 1.2142, Accuracy: 0.7990
>>> Modello migliore ricaricato da results/model_sgd_lambda_0.40_rho_None.pth
[I 2025-05-12 12:36:15,070] Trial 0 finished with value: 0.7456 and parameters: {'lambda_': 0.4}. Best is trial 0 with value: 0.7456.
Valutazione - Loss: 1.3306, Accuracy: 0.7456
Valutazione - Loss: 1.8459, Accuracy: 0.3562
Valutazione - Loss: 1.7903, Accuracy: 0.4042
Valutazione - Loss: 1.5371, Accuracy: 0.5204
Valutazione - Loss: 1.3253, Accuracy: 0.6292
Valutazione - Loss: 1.2120, Accuracy: 0.6836
Valutazione - Loss: 1.1064, Accuracy: 0.7372
Valutazione - Loss: 1.0414, Accuracy: 0.7648
Valutazione - Loss: 1.0839, Accuracy: 0.7380
Valutazione - Loss: 1.0610, Accuracy: 0.7526
Valutazione - Loss: 1.0349, Accuracy: 0.7746
>>> Salvando il miglior modello del trial in results/model_sgd_lambda_0.65_rho_None.pth con accuratezza: 0.7746
Valutazione finale - Loss: 1.0349, Accuracy: 0.7746
>>> Modello migliore ricaricato da results/model_sgd_lambda_0.65_rho_None.pth
[I 2025-05-12 12:41:28,111] Trial 1 finished with value: 0.773 and parameters: {'lambda_': 0.65}. Best is trial 1 with value: 0.773.
Valutazione - Loss: 1.0365, Accuracy: 0.7730
Valutazione - Loss: 1.8918, Accuracy: 0.3500
Valutazione - Loss: 1.7250, Accuracy: 0.4356
Valutazione - Loss: 1.5329, Accuracy: 0.5456
Valutazione - Loss: 1.4142, Accuracy: 0.6056
Valutazione - Loss: 1.3366, Accuracy: 0.6372
Valutazione - Loss: 1.2021, Accuracy: 0.7192
Valutazione - Loss: 1.1181, Accuracy: 0.7492
Valutazione - Loss: 1.1313, Accuracy: 0.7526
Valutazione - Loss: 1.0710, Accuracy: 0.7720
Valutazione - Loss: 1.0714, Accuracy: 0.7726
>>> Salvando il miglior modello del trial in results/model_sgd_lambda_0.60_rho_None.pth con accuratezza: 0.7726
Valutazione finale - Loss: 1.0714, Accuracy: 0.7726
>>> Modello migliore ricaricato da results/model_sgd_lambda_0.60_rho_None.pth
[I 2025-05-12 12:46:43,300] Trial 2 finished with value: 0.772 and parameters: {'lambda_': 0.6000000000000001}. Best is trial 1 with value: 0.773.
Valutazione - Loss: 1.0715, Accuracy: 0.7720
Valutazione - Loss: 1.8561, Accuracy: 0.3382
Valutazione - Loss: 1.5895, Accuracy: 0.4962
Valutazione - Loss: 1.4866, Accuracy: 0.5540
Valutazione - Loss: 1.2748, Accuracy: 0.6460
Valutazione - Loss: 1.2091, Accuracy: 0.6764
Valutazione - Loss: 1.2824, Accuracy: 0.6550
Valutazione - Loss: 1.1445, Accuracy: 0.7154
Valutazione - Loss: 1.0781, Accuracy: 0.7494
Valutazione - Loss: 1.0236, Accuracy: 0.7748
Valutazione - Loss: 1.1802, Accuracy: 0.7154
>>> Salvando il miglior modello del trial in results/model_sgd_lambda_0.65_rho_None.pth con accuratezza: 0.7748
Valutazione finale - Loss: 1.0236, Accuracy: 0.7748
>>> Modello migliore ricaricato da results/model_sgd_lambda_0.65_rho_None.pth
[I 2025-05-12 12:51:56,701] Trial 3 finished with value: 0.7172 and parameters: {'lambda_': 0.65}. Best is trial 1 with value: 0.773.
Valutazione - Loss: 1.1824, Accuracy: 0.7172
Valutazione - Loss: 1.8202, Accuracy: 0.3136
Valutazione - Loss: 1.5812, Accuracy: 0.4102
Valutazione - Loss: 1.3579, Accuracy: 0.5170
Valutazione - Loss: 1.1724, Accuracy: 0.5830
Valutazione - Loss: 0.9793, Accuracy: 0.6628
Valutazione - Loss: 0.8209, Accuracy: 0.7164
Valutazione - Loss: 0.7372, Accuracy: 0.7400
Valutazione - Loss: 0.7054, Accuracy: 0.7482
Valutazione - Loss: 0.7121, Accuracy: 0.7482
Valutazione - Loss: 0.7052, Accuracy: 0.7506
>>> Salvando il miglior modello del trial in results/model_sgd_lambda_1.00_rho_None.pth con accuratezza: 0.7506
Valutazione finale - Loss: 0.7052, Accuracy: 0.7506
>>> Modello migliore ricaricato da results/model_sgd_lambda_1.00_rho_None.pth
[I 2025-05-12 12:57:08,068] Trial 4 finished with value: 0.7502 and parameters: {'lambda_': 1.0}. Best is trial 1 with value: 0.773.
Valutazione - Loss: 0.7118, Accuracy: 0.7502
Valutazione - Loss: 1.9272, Accuracy: 0.3988
Valutazione - Loss: 1.7716, Accuracy: 0.5570
Valutazione - Loss: 1.6772, Accuracy: 0.6404
Valutazione - Loss: 1.6126, Accuracy: 0.6708
Valutazione - Loss: 1.5687, Accuracy: 0.7190
Valutazione - Loss: 1.5292, Accuracy: 0.7472
Valutazione - Loss: 1.5245, Accuracy: 0.7542
Valutazione - Loss: 1.4839, Accuracy: 0.7876
Valutazione - Loss: 1.4886, Accuracy: 0.7756
Valutazione - Loss: 1.4767, Accuracy: 0.7872
>>> Salvando il miglior modello del trial in results/model_sgd_lambda_0.15_rho_None.pth con accuratezza: 0.7876
Valutazione finale - Loss: 1.4839, Accuracy: 0.7876
>>> Modello migliore ricaricato da results/model_sgd_lambda_0.15_rho_None.pth
[I 2025-05-12 13:02:21,213] Trial 5 finished with value: 0.785 and parameters: {'lambda_': 0.15000000000000002}. Best is trial 5 with value: 0.785.
Valutazione - Loss: 1.4801, Accuracy: 0.7850
Valutazione - Loss: 1.8521, Accuracy: 0.3960
Valutazione - Loss: 1.7383, Accuracy: 0.4902
Valutazione - Loss: 1.5562, Accuracy: 0.5970
Valutazione - Loss: 1.4233, Accuracy: 0.6742
Valutazione - Loss: 1.4048, Accuracy: 0.6996
Valutazione - Loss: 1.2882, Accuracy: 0.7566
Valutazione - Loss: 1.3126, Accuracy: 0.7484
Valutazione - Loss: 1.2536, Accuracy: 0.7820
Valutazione - Loss: 1.2378, Accuracy: 0.7908
Valutazione - Loss: 1.2148, Accuracy: 0.8002
>>> Salvando il miglior modello del trial in results/model_sgd_lambda_0.40_rho_None.pth con accuratezza: 0.8002
Valutazione finale - Loss: 1.2148, Accuracy: 0.8002
>>> Modello migliore ricaricato da results/model_sgd_lambda_0.40_rho_None.pth
[I 2025-05-12 13:07:36,590] Trial 6 finished with value: 0.7894 and parameters: {'lambda_': 0.4}. Best is trial 6 with value: 0.7894.
Valutazione - Loss: 1.2265, Accuracy: 0.7894
Valutazione - Loss: 1.7830, Accuracy: 0.3518
Valutazione - Loss: 1.6384, Accuracy: 0.4188
Valutazione - Loss: 1.3962, Accuracy: 0.5382
Valutazione - Loss: 1.1088, Accuracy: 0.6560
Valutazione - Loss: 1.0474, Accuracy: 0.6702
Valutazione - Loss: 1.0099, Accuracy: 0.7026
Valutazione - Loss: 1.0853, Accuracy: 0.6816
Valutazione - Loss: 0.8307, Accuracy: 0.7652
Valutazione - Loss: 0.8443, Accuracy: 0.7586
Valutazione - Loss: 0.9024, Accuracy: 0.7476
>>> Salvando il miglior modello del trial in results/model_sgd_lambda_0.85_rho_None.pth con accuratezza: 0.7652
Valutazione finale - Loss: 0.8307, Accuracy: 0.7652
>>> Modello migliore ricaricato da results/model_sgd_lambda_0.85_rho_None.pth
[I 2025-05-12 13:12:50,734] Trial 7 finished with value: 0.7518 and parameters: {'lambda_': 0.8500000000000001}. Best is trial 6 with value: 0.7894.
Valutazione - Loss: 0.9098, Accuracy: 0.7518
Valutazione - Loss: 1.8884, Accuracy: 0.3966
Valutazione - Loss: 1.6852, Accuracy: 0.5512
Valutazione - Loss: 1.5674, Accuracy: 0.6440
Valutazione - Loss: 1.4622, Accuracy: 0.7022
Valutazione - Loss: 1.4002, Accuracy: 0.7480
Valutazione - Loss: 1.3799, Accuracy: 0.7566
Valutazione - Loss: 1.4232, Accuracy: 0.7402
Valutazione - Loss: 1.3760, Accuracy: 0.7656
Valutazione - Loss: 1.3314, Accuracy: 0.7856
Valutazione - Loss: 1.3197, Accuracy: 0.7950
>>> Salvando il miglior modello del trial in results/model_sgd_lambda_0.30_rho_None.pth con accuratezza: 0.7950
Valutazione finale - Loss: 1.3197, Accuracy: 0.7950
>>> Modello migliore ricaricato da results/model_sgd_lambda_0.30_rho_None.pth
[I 2025-05-12 13:18:05,035] Trial 8 finished with value: 0.7966 and parameters: {'lambda_': 0.30000000000000004}. Best is trial 8 with value: 0.7966.
Valutazione - Loss: 1.3176, Accuracy: 0.7966
Valutazione - Loss: 2.0439, Accuracy: 0.3250
Valutazione - Loss: 1.8920, Accuracy: 0.4982
Valutazione - Loss: 1.8280, Accuracy: 0.5608
Valutazione - Loss: 1.7301, Accuracy: 0.6586
Valutazione - Loss: 1.6845, Accuracy: 0.7066
Valutazione - Loss: 1.6576, Accuracy: 0.7318
Valutazione - Loss: 1.6511, Accuracy: 0.7470
Valutazione - Loss: 1.6588, Accuracy: 0.7364
Valutazione - Loss: 1.7182, Accuracy: 0.6736
Valutazione - Loss: 1.6850, Accuracy: 0.7108
>>> Salvando il miglior modello del trial in results/model_sgd_lambda_0.00_rho_None.pth con accuratezza: 0.7470
Valutazione finale - Loss: 1.6511, Accuracy: 0.7470
>>> Modello migliore ricaricato da results/model_sgd_lambda_0.00_rho_None.pth
[I 2025-05-12 13:23:17,262] Trial 9 finished with value: 0.7048 and parameters: {'lambda_': 0.0}. Best is trial 8 with value: 0.7966.
Valutazione - Loss: 1.6854, Accuracy: 0.7048
>>> Miglior Lambda trovato: 0.3000
>>> Training with SGD
>>> Loss configuration: logitnorm
>>> Modello migliore ricaricato da results/model_sgd_lambda_0.30_rho_None.pth
Valutazione - Loss: 1.3883, Accuracy: 0.7592
Valutazione - Loss: 1.3717, Accuracy: 0.7644
Valutazione - Loss: 1.3135, Accuracy: 0.8028
Valutazione - Loss: 1.3676, Accuracy: 0.7722
Valutazione - Loss: 1.3245, Accuracy: 0.7956
Valutazione - Loss: 1.3250, Accuracy: 0.7946
Valutazione - Loss: 1.3099, Accuracy: 0.8026
Valutazione - Loss: 1.3605, Accuracy: 0.7758
Valutazione - Loss: 1.3016, Accuracy: 0.8102
Valutazione - Loss: 1.2750, Accuracy: 0.8284
>>> Salvando il miglior modello del trial in results/model_sgd_lambda_0.30_rho_None.pth con accuratezza: 0.8284
Valutazione finale - Loss: 1.2750, Accuracy: 0.8284
>>> Modello migliore ricaricato da results/model_sgd_lambda_0.30_rho_None.pth
>>> Modello migliore ricaricato da results/model_sgd_lambda_0.30_rho_None.pth

Valutazione - Loss: 1.2790, Accuracy: 0.8264
Valutazione - Loss: 0.5700, Accuracy: 0.8314
Sharpness: 1618.2348503402516
Total parameters: 3412394, Zero parameters: 0
Sparcity: 0.0, Path norm: 29.351640389532797
Stability: 1.1434186930614487e-08, PredVar: 3.065345108752243e-15

>>> Metriche calcolate:
lambda: 0.3000
val_loss: 1.2790
val_accuracy: 0.8264
test_loss: 0.5700
test_accuracy: 0.8314
sharpness: 1618.2349
sparsity: 0.0000
path_norm: 29.3516
stability: 1.1434186930614487e-08
prediction_variance: 3.065345108752243e-15
robust_accuracy: 0.5261
flat_minima: 0.0052
ece: 0.08373221009969711
Risultati aggiunti a results/metrics_summary.csv
>>> Caricamento dei risultati da results/metrics_summary.csv...

>>> Visualizzazione dei risultati:
[✓] Pareto front salvata in: results/pareto_front.png
Traceback (most recent call last):
  File "/cephyr/users/alessiar/Alvis/alessia-thesis/SAM-SGD/main.py", line 203, in <module>
    plot_spider(
TypeError: plot_spider() got an unexpected keyword argument 'title'
