This job can be monitored from: https://job.c3se.chalmers.se/alvis/4108842
[I 2025-04-28 20:56:31,492] A new study created in memory with name: no-name-2dbbae82-d510-4fff-9194-871fa89008ca
>>> Salvando il modello migliore in results/model_sgd_lambda_0.70_rho_None.pth
[I 2025-04-28 21:01:49,578] Trial 0 finished with value: 0.7636 and parameters: {'lambda_': 0.7000000000000001}. Best is trial 0 with value: 0.7636.
>>> Salvando il modello migliore in results/model_sgd_lambda_0.10_rho_None.pth
[I 2025-04-28 21:07:00,365] Trial 1 finished with value: 0.6986 and parameters: {'lambda_': 0.1}. Best is trial 1 with value: 0.6986.
>>> Salvando il modello migliore in results/model_sgd_lambda_0.50_rho_None.pth
[I 2025-04-28 21:12:13,114] Trial 2 finished with value: 0.7736 and parameters: {'lambda_': 0.5}. Best is trial 1 with value: 0.6986.
>>> Salvando il modello migliore in results/model_sgd_lambda_0.50_rho_None.pth
[I 2025-04-28 21:17:24,123] Trial 3 finished with value: 0.7806 and parameters: {'lambda_': 0.5}. Best is trial 1 with value: 0.6986.
>>> Salvando il modello migliore in results/model_sgd_lambda_0.35_rho_None.pth
[I 2025-04-28 21:22:34,991] Trial 4 finished with value: 0.7356 and parameters: {'lambda_': 0.35000000000000003}. Best is trial 1 with value: 0.6986.
>>> Salvando il modello migliore in results/model_sgd_lambda_0.45_rho_None.pth
[I 2025-04-28 21:27:45,923] Trial 5 finished with value: 0.7716 and parameters: {'lambda_': 0.45}. Best is trial 1 with value: 0.6986.
>>> Salvando il modello migliore in results/model_sgd_lambda_0.30_rho_None.pth
[I 2025-04-28 21:32:57,901] Trial 6 finished with value: 0.762 and parameters: {'lambda_': 0.30000000000000004}. Best is trial 1 with value: 0.6986.
>>> Salvando il modello migliore in results/model_sgd_lambda_0.85_rho_None.pth
[I 2025-04-28 21:38:09,089] Trial 7 finished with value: 0.7672 and parameters: {'lambda_': 0.8500000000000001}. Best is trial 1 with value: 0.6986.
>>> Salvando il modello migliore in results/model_sgd_lambda_0.85_rho_None.pth
[I 2025-04-28 21:43:20,034] Trial 8 finished with value: 0.779 and parameters: {'lambda_': 0.8500000000000001}. Best is trial 1 with value: 0.6986.
>>> Salvando il modello migliore in results/model_sgd_lambda_0.50_rho_None.pth
[I 2025-04-28 21:48:30,724] Trial 9 finished with value: 0.7504 and parameters: {'lambda_': 0.5}. Best is trial 1 with value: 0.6986.
>>> Miglior Lambda trovato: 0.1000
>>> Training with SGD
>>> Loss configuration: saloss
>>> Training with SGD
>>> Loss configuration: saloss
>>> Salvando il modello migliore in results/model_sgd_lambda_0.10_rho_None.pth
>>> Modello migliore ricaricato da results/model_sgd_lambda_0.10_rho_None.pth

Sharpness: 212.5910857719711
Total parameters: 3412394, Zero parameters: 0
Sparcity: 0.0, Path norm: 37.89411659115445
Stability: 2.0400584332946892e-08, PredVar: 6.314598434528813e-15
Risultati aggiunti a results/metrics_summary.csv
{'lambda': 0.1, 'val_loss': 0.8252356022596359, 'val_accuracy': 0.7162, 'test_loss': 0.883840981163556, 'test_accuracy': 0.7151, 'sharpness': 212.5910857719711, 'sparsity': 0.0, 'path_norm': np.float64(37.89411659115445), 'stability': np.float32(2.0400584e-08), 'prediction_variance': np.float32(6.3145984e-15), 'robust_accuracy': 0.3284, 'flat_minima': 0.0058398541015914724, 'ece': tensor(0.1310, device='cuda:0')}
Training completo e metriche salvate!
