This job can be monitored from: https://job.c3se.chalmers.se/alvis/4152836
[I 2025-05-04 12:46:21,063] A new study created in memory with name: no-name-b447d4a7-15d3-434b-b8e6-c7da03164168
>>> Training with SAM
>>> Loss configuration: focal
>>> Ottimizzazione combinata di rho e lambda in corso...
Valutazione - Loss: 0.7648, Accuracy: 0.2254
Valutazione - Loss: 0.6815, Accuracy: 0.3182
Valutazione - Loss: 0.6188, Accuracy: 0.4060
Valutazione - Loss: 0.5753, Accuracy: 0.4480
Valutazione - Loss: 0.5171, Accuracy: 0.5006
Valutazione - Loss: 0.4406, Accuracy: 0.5774
Valutazione - Loss: 0.3571, Accuracy: 0.6442
Valutazione - Loss: 0.2963, Accuracy: 0.7102
Valutazione - Loss: 0.2847, Accuracy: 0.7244
Valutazione - Loss: 0.2363, Accuracy: 0.7672
[I 2025-05-04 12:52:26,764] Trial 0 finished with value: 0.7688 and parameters: {'rho': 0.18000000000000002, 'lambda_': 0.25}. Best is trial 0 with value: 0.7688.
Valutazione - Loss: 0.2364, Accuracy: 0.7688
[Trial 0] lambda: 0.25, rho: 0.18, val_loss: 0.2364, val_acc: 0.7688
>>> 🔥 Nuovo miglior modello globale salvato in results/model_sam_lambda_0.25_rho_0.18.pth
Valutazione - Loss: 1.2944, Accuracy: 0.2778
Valutazione - Loss: 1.0970, Accuracy: 0.3918
Valutazione - Loss: 1.0744, Accuracy: 0.4076
Valutazione - Loss: 0.8875, Accuracy: 0.5262
Valutazione - Loss: 0.7530, Accuracy: 0.6000
Valutazione - Loss: 0.7056, Accuracy: 0.6210
Valutazione - Loss: 0.6041, Accuracy: 0.6790
Valutazione - Loss: 0.5017, Accuracy: 0.7268
Valutazione - Loss: 0.4745, Accuracy: 0.7568
Valutazione - Loss: 0.3970, Accuracy: 0.7866
[I 2025-05-04 12:58:31,538] Trial 1 finished with value: 0.7842 and parameters: {'rho': 0.15000000000000002, 'lambda_': 0.6000000000000001}. Best is trial 1 with value: 0.7842.
Valutazione - Loss: 0.4083, Accuracy: 0.7842
[Trial 1] lambda: 0.60, rho: 0.15, val_loss: 0.4083, val_acc: 0.7842
>>> 🔥 Nuovo miglior modello globale salvato in results/model_sam_lambda_0.60_rho_0.15.pth
Valutazione - Loss: 1.2035, Accuracy: 0.2570
Valutazione - Loss: 1.0612, Accuracy: 0.3690
Valutazione - Loss: 1.0537, Accuracy: 0.3924
Valutazione - Loss: 0.8323, Accuracy: 0.5106
Valutazione - Loss: 0.7335, Accuracy: 0.5738
Valutazione - Loss: 0.6029, Accuracy: 0.6530
Valutazione - Loss: 0.5049, Accuracy: 0.7030
Valutazione - Loss: 0.4611, Accuracy: 0.7372
Valutazione - Loss: 0.5021, Accuracy: 0.7244
Valutazione - Loss: 0.4249, Accuracy: 0.7584
[I 2025-05-04 13:04:33,041] Trial 2 finished with value: 0.7604 and parameters: {'rho': 0.08, 'lambda_': 0.55}. Best is trial 1 with value: 0.7842.
Valutazione - Loss: 0.4231, Accuracy: 0.7604
[Trial 2] lambda: 0.55, rho: 0.08, val_loss: 0.4231, val_acc: 0.7604
>>> ❌ Trial peggiore del migliore globale. Nessun aggiornamento del modello.
Valutazione - Loss: 1.3485, Accuracy: 0.2814
Valutazione - Loss: 1.2629, Accuracy: 0.3236
Valutazione - Loss: 1.0836, Accuracy: 0.4392
Valutazione - Loss: 0.9963, Accuracy: 0.4784
Valutazione - Loss: 0.8537, Accuracy: 0.5724
Valutazione - Loss: 0.6927, Accuracy: 0.6504
Valutazione - Loss: 0.6200, Accuracy: 0.6904
Valutazione - Loss: 0.5862, Accuracy: 0.7018
Valutazione - Loss: 0.4848, Accuracy: 0.7556
Valutazione - Loss: 0.6141, Accuracy: 0.7002
[I 2025-05-04 13:10:35,646] Trial 3 finished with value: 0.7006 and parameters: {'rho': 0.13, 'lambda_': 0.65}. Best is trial 1 with value: 0.7842.
Valutazione - Loss: 0.6093, Accuracy: 0.7006
[Trial 3] lambda: 0.65, rho: 0.13, val_loss: 0.6093, val_acc: 0.7006
>>> ❌ Trial peggiore del migliore globale. Nessun aggiornamento del modello.
Valutazione - Loss: 0.5947, Accuracy: 0.3894
Valutazione - Loss: 0.4620, Accuracy: 0.5014
Valutazione - Loss: 0.3917, Accuracy: 0.5636
Valutazione - Loss: 0.3027, Accuracy: 0.6636
Valutazione - Loss: 0.2453, Accuracy: 0.7288
Valutazione - Loss: 0.2469, Accuracy: 0.7276
Valutazione - Loss: 0.2085, Accuracy: 0.7610
Valutazione - Loss: 0.1897, Accuracy: 0.7876
Valutazione - Loss: 0.1708, Accuracy: 0.8120
Valutazione - Loss: 0.1896, Accuracy: 0.7814
[I 2025-05-04 13:16:37,747] Trial 4 finished with value: 0.7792 and parameters: {'rho': 0.01, 'lambda_': 0.2}. Best is trial 1 with value: 0.7842.
Valutazione - Loss: 0.1888, Accuracy: 0.7792
[Trial 4] lambda: 0.20, rho: 0.01, val_loss: 0.1888, val_acc: 0.7792
>>> ❌ Trial peggiore del migliore globale. Nessun aggiornamento del modello.
Valutazione - Loss: 1.1897, Accuracy: 0.2822
Valutazione - Loss: 1.1289, Accuracy: 0.3446
Valutazione - Loss: 1.0720, Accuracy: 0.3836
Valutazione - Loss: 0.8675, Accuracy: 0.4944
Valutazione - Loss: 0.7711, Accuracy: 0.5558
Valutazione - Loss: 0.6297, Accuracy: 0.6378
Valutazione - Loss: 0.6560, Accuracy: 0.6354
Valutazione - Loss: 0.4509, Accuracy: 0.7412
Valutazione - Loss: 0.4596, Accuracy: 0.7374
Valutazione - Loss: 0.4549, Accuracy: 0.7472
[I 2025-05-04 13:22:39,568] Trial 5 finished with value: 0.7522 and parameters: {'rho': 0.14, 'lambda_': 0.55}. Best is trial 1 with value: 0.7842.
Valutazione - Loss: 0.4498, Accuracy: 0.7522
[Trial 5] lambda: 0.55, rho: 0.14, val_loss: 0.4498, val_acc: 0.7522
>>> ❌ Trial peggiore del migliore globale. Nessun aggiornamento del modello.
Valutazione - Loss: 0.6637, Accuracy: 0.2656
Valutazione - Loss: 0.5748, Accuracy: 0.3442
Valutazione - Loss: 0.5107, Accuracy: 0.4134
Valutazione - Loss: 0.4409, Accuracy: 0.5070
Valutazione - Loss: 0.3940, Accuracy: 0.5434
Valutazione - Loss: 0.3620, Accuracy: 0.5990
Valutazione - Loss: 0.2835, Accuracy: 0.6900
Valutazione - Loss: 0.2684, Accuracy: 0.6922
Valutazione - Loss: 0.2300, Accuracy: 0.7490
Valutazione - Loss: 0.2243, Accuracy: 0.7486
[I 2025-05-04 13:28:43,357] Trial 6 finished with value: 0.7478 and parameters: {'rho': 0.17, 'lambda_': 0.2}. Best is trial 1 with value: 0.7842.
Valutazione - Loss: 0.2213, Accuracy: 0.7478
[Trial 6] lambda: 0.20, rho: 0.17, val_loss: 0.2213, val_acc: 0.7478
>>> ❌ Trial peggiore del migliore globale. Nessun aggiornamento del modello.
Valutazione - Loss: 0.8150, Accuracy: 0.2844
Valutazione - Loss: 0.7075, Accuracy: 0.3702
Valutazione - Loss: 0.6549, Accuracy: 0.4146
Valutazione - Loss: 0.5897, Accuracy: 0.4758
Valutazione - Loss: 0.5313, Accuracy: 0.5430
Valutazione - Loss: 0.4521, Accuracy: 0.6052
Valutazione - Loss: 0.3820, Accuracy: 0.6522
Valutazione - Loss: 0.3187, Accuracy: 0.7220
Valutazione - Loss: 0.2836, Accuracy: 0.7494
Valutazione - Loss: 0.2752, Accuracy: 0.7606
[I 2025-05-04 13:34:47,646] Trial 7 finished with value: 0.769 and parameters: {'rho': 0.18000000000000002, 'lambda_': 0.30000000000000004}. Best is trial 1 with value: 0.7842.
Valutazione - Loss: 0.2720, Accuracy: 0.7690
[Trial 7] lambda: 0.30, rho: 0.18, val_loss: 0.2720, val_acc: 0.7690
>>> ❌ Trial peggiore del migliore globale. Nessun aggiornamento del modello.
Valutazione - Loss: 1.1595, Accuracy: 0.2312
Valutazione - Loss: 0.9657, Accuracy: 0.3364
Valutazione - Loss: 0.8965, Accuracy: 0.3840
Valutazione - Loss: 0.8440, Accuracy: 0.4400
Valutazione - Loss: 0.6970, Accuracy: 0.5280
Valutazione - Loss: 0.6422, Accuracy: 0.5752
Valutazione - Loss: 0.5226, Accuracy: 0.6480
Valutazione - Loss: 0.4677, Accuracy: 0.6796
Valutazione - Loss: 0.3844, Accuracy: 0.7396
Valutazione - Loss: 0.3473, Accuracy: 0.7686
[I 2025-05-04 13:40:49,031] Trial 8 finished with value: 0.764 and parameters: {'rho': 0.19, 'lambda_': 0.45}. Best is trial 1 with value: 0.7842.
Valutazione - Loss: 0.3463, Accuracy: 0.7640
[Trial 8] lambda: 0.45, rho: 0.19, val_loss: 0.3463, val_acc: 0.7640
>>> ❌ Trial peggiore del migliore globale. Nessun aggiornamento del modello.
Valutazione - Loss: 1.1871, Accuracy: 0.3012
Valutazione - Loss: 1.0211, Accuracy: 0.3964
Valutazione - Loss: 0.8469, Accuracy: 0.5070
Valutazione - Loss: 0.7490, Accuracy: 0.5638
Valutazione - Loss: 0.7583, Accuracy: 0.5692
Valutazione - Loss: 0.6610, Accuracy: 0.6354
Valutazione - Loss: 0.4900, Accuracy: 0.7200
Valutazione - Loss: 0.5822, Accuracy: 0.6818
Valutazione - Loss: 0.4566, Accuracy: 0.7422
Valutazione - Loss: 0.4267, Accuracy: 0.7674
[I 2025-05-04 13:46:50,656] Trial 9 finished with value: 0.7596 and parameters: {'rho': 0.08, 'lambda_': 0.55}. Best is trial 1 with value: 0.7842.
Valutazione - Loss: 0.4267, Accuracy: 0.7596
[Trial 9] lambda: 0.55, rho: 0.08, val_loss: 0.4267, val_acc: 0.7596
>>> ❌ Trial peggiore del migliore globale. Nessun aggiornamento del modello.
>>> Miglior combinazione trovata: rho = 0.150, lambda = 0.60, val_acc = -0.7842
>>> Modello migliore salvato in: results/model_sam_lambda_0.60_rho_0.15.pth
>>> Training with SAM
>>> Loss configuration: focal
>>> Modello migliore ricaricato da results/model_sam_lambda_0.60_rho_0.15.pth
Valutazione - Loss: 0.4171, Accuracy: 0.7796
Valutazione - Loss: 0.3813, Accuracy: 0.7958
Valutazione - Loss: 0.4275, Accuracy: 0.7610
Valutazione - Loss: 0.4042, Accuracy: 0.7866
Valutazione - Loss: 0.3771, Accuracy: 0.8082
Valutazione - Loss: 0.3608, Accuracy: 0.8044
Valutazione - Loss: 0.3527, Accuracy: 0.8124
Valutazione - Loss: 0.3369, Accuracy: 0.8192
Valutazione - Loss: 0.3889, Accuracy: 0.7988
Valutazione - Loss: 0.3161, Accuracy: 0.8282
>>> Modello migliore ricaricato da results/model_sam_lambda_0.60_rho_0.15.pth

Valutazione - Loss: 0.3974, Accuracy: 0.7906
Valutazione - Loss: 0.6148, Accuracy: 0.7861
Sharpness: 6.51525777202794e+22
Total parameters: 3412394, Zero parameters: 0
Sparcity: 0.0, Path norm: 32.73469251266633
Stability: 1.927657677924799e-08, PredVar: 5.482829868016983e-15

>>> Metriche calcolate:
lambda: 0.6000
val_loss: 0.3974
val_accuracy: 0.7906
test_loss: 0.6148
test_accuracy: 0.7861
sharpness: 65152577720279397040128.0000
sparsity: 0.0000
path_norm: 32.7347
stability: 1.927657677924799e-08
prediction_variance: 5.482829868016983e-15
robust_accuracy: 0.4756
flat_minima: 0.0025
ece: 0.0832667276263237
Risultati aggiunti a results/metrics_summary.csv
Training completo e metriche salvate!
