This job can be monitored from: https://job.c3se.chalmers.se/alvis/4108784
[I 2025-04-28 19:47:55,212] A new study created in memory with name: no-name-a7a2d9fb-62dc-41ca-9ce4-8cf8ffda85b9
>>> Salvando il modello migliore in results/model_sgd_lambda_0.45_rho_None.pth
[I 2025-04-28 19:53:17,281] Trial 0 finished with value: 0.7836 and parameters: {'lambda_': 0.45}. Best is trial 0 with value: 0.7836.
>>> Salvando il modello migliore in results/model_sgd_lambda_0.90_rho_None.pth
[I 2025-04-28 19:58:32,490] Trial 1 finished with value: 0.7902 and parameters: {'lambda_': 0.9}. Best is trial 0 with value: 0.7836.
>>> Salvando il modello migliore in results/model_sgd_lambda_0.25_rho_None.pth
[I 2025-04-28 20:03:52,462] Trial 2 finished with value: 0.7768 and parameters: {'lambda_': 0.25}. Best is trial 2 with value: 0.7768.
>>> Salvando il modello migliore in results/model_sgd_lambda_0.00_rho_None.pth
[I 2025-04-28 20:09:05,531] Trial 3 finished with value: 0.7636 and parameters: {'lambda_': 0.0}. Best is trial 3 with value: 0.7636.
>>> Salvando il modello migliore in results/model_sgd_lambda_0.15_rho_None.pth
[I 2025-04-28 20:14:21,255] Trial 4 finished with value: 0.7548 and parameters: {'lambda_': 0.15000000000000002}. Best is trial 4 with value: 0.7548.
>>> Salvando il modello migliore in results/model_sgd_lambda_0.10_rho_None.pth
[I 2025-04-28 20:19:36,778] Trial 5 finished with value: 0.7558 and parameters: {'lambda_': 0.1}. Best is trial 4 with value: 0.7548.
>>> Salvando il modello migliore in results/model_sgd_lambda_0.85_rho_None.pth
[I 2025-04-28 20:24:52,133] Trial 6 finished with value: 0.7578 and parameters: {'lambda_': 0.8500000000000001}. Best is trial 4 with value: 0.7548.
>>> Salvando il modello migliore in results/model_sgd_lambda_0.40_rho_None.pth
[I 2025-04-28 20:30:13,419] Trial 7 finished with value: 0.805 and parameters: {'lambda_': 0.4}. Best is trial 4 with value: 0.7548.
>>> Salvando il modello migliore in results/model_sgd_lambda_0.70_rho_None.pth
[I 2025-04-28 20:35:28,717] Trial 8 finished with value: 0.7798 and parameters: {'lambda_': 0.7000000000000001}. Best is trial 4 with value: 0.7548.
>>> Salvando il modello migliore in results/model_sgd_lambda_0.20_rho_None.pth
[I 2025-04-28 20:40:44,478] Trial 9 finished with value: 0.782 and parameters: {'lambda_': 0.2}. Best is trial 4 with value: 0.7548.
>>> Miglior Lambda trovato: 0.1500
>>> Training with SGD
>>> Loss configuration: focal
>>> Training with SGD
>>> Loss configuration: focal
>>> Salvando il modello migliore in results/model_sgd_lambda_0.15_rho_None.pth
>>> Modello migliore ricaricato da results/model_sgd_lambda_0.15_rho_None.pth

Sharpness: 444983.21357051027
Total parameters: 3412394, Zero parameters: 0
Sparcity: 0.0, Path norm: 22.803822858351428
Stability: 1.890382783642508e-08, PredVar: 4.801114035144199e-15
Risultati aggiunti a results/metrics_summary.csv
{'lambda': 0.15000000000000002, 'val_loss': 0.6818791111931205, 'val_accuracy': 0.7584, 'test_loss': 0.6686105381084394, 'test_accuracy': 0.7727, 'sharpness': 444983.21357051027, 'sparsity': 0.0, 'path_norm': np.float64(22.803822858351428), 'stability': np.float32(1.8903828e-08), 'prediction_variance': np.float32(4.801114e-15), 'robust_accuracy': 0.3787, 'flat_minima': 0.007846277348602874, 'ece': tensor(0.0887, device='cuda:0')}
Training completo e metriche salvate!
