This job can be monitored from: https://job.c3se.chalmers.se/alvis/4111622
[I 2025-04-29 09:24:29,182] A new study created in memory with name: no-name-a7b36e2c-0c9c-40bd-9dfe-b67c98181e16
>>> Salvando il modello migliore in results/model_sam_lambda_1.00_rho_0.05.pth
[I 2025-04-29 09:30:28,232] Trial 0 finished with value: 0.7226 and parameters: {'lambda_': 1.0}. Best is trial 0 with value: 0.7226.
>>> Salvando il modello migliore in results/model_sam_lambda_0.50_rho_0.05.pth
[I 2025-04-29 09:36:23,463] Trial 1 finished with value: 0.7506 and parameters: {'lambda_': 0.5}. Best is trial 0 with value: 0.7226.
>>> Salvando il modello migliore in results/model_sam_lambda_0.15_rho_0.05.pth
[I 2025-04-29 09:42:08,364] Trial 2 finished with value: 0.7734 and parameters: {'lambda_': 0.15000000000000002}. Best is trial 0 with value: 0.7226.
>>> Salvando il modello migliore in results/model_sam_lambda_0.75_rho_0.05.pth
[I 2025-04-29 09:47:58,158] Trial 3 finished with value: 0.7458 and parameters: {'lambda_': 0.75}. Best is trial 0 with value: 0.7226.
>>> Salvando il modello migliore in results/model_sam_lambda_0.10_rho_0.05.pth
[I 2025-04-29 09:53:43,021] Trial 4 finished with value: 0.7616 and parameters: {'lambda_': 0.1}. Best is trial 0 with value: 0.7226.
>>> Salvando il modello migliore in results/model_sam_lambda_0.10_rho_0.05.pth
[I 2025-04-29 09:59:31,313] Trial 5 finished with value: 0.7354 and parameters: {'lambda_': 0.1}. Best is trial 0 with value: 0.7226.
>>> Salvando il modello migliore in results/model_sam_lambda_0.95_rho_0.05.pth
[I 2025-04-29 10:05:18,233] Trial 6 finished with value: 0.7708 and parameters: {'lambda_': 0.9500000000000001}. Best is trial 0 with value: 0.7226.
>>> Salvando il modello migliore in results/model_sam_lambda_0.75_rho_0.05.pth
[I 2025-04-29 10:11:04,128] Trial 7 finished with value: 0.7432 and parameters: {'lambda_': 0.75}. Best is trial 0 with value: 0.7226.
>>> Salvando il modello migliore in results/model_sam_lambda_0.95_rho_0.05.pth
[I 2025-04-29 10:16:48,793] Trial 8 finished with value: 0.723 and parameters: {'lambda_': 0.9500000000000001}. Best is trial 0 with value: 0.7226.
>>> Salvando il modello migliore in results/model_sam_lambda_0.85_rho_0.05.pth
[I 2025-04-29 10:22:33,620] Trial 9 finished with value: 0.6862 and parameters: {'lambda_': 0.8500000000000001}. Best is trial 9 with value: 0.6862.
>>> Miglior Lambda trovato: 0.8500
>>> Training with SAM
>>> Loss configuration: focal
>>> Training with SAM
>>> Loss configuration: focal
>>> Salvando il modello migliore in results/model_sam_lambda_0.85_rho_0.05.pth
>>> Modello migliore ricaricato da results/model_sam_lambda_0.85_rho_0.05.pth

Sharpness: 109.6783380146268
Total parameters: 3412394, Zero parameters: 0
Sparcity: 0.0, Path norm: 38.052965276557835
Stability: 2.2550830536260946e-08, PredVar: 7.304608849213745e-15
Risultati aggiunti a results/metrics_summary.csv
Training completo e metriche salvate!
