This job can be monitored from: https://job.c3se.chalmers.se/alvis/4108840
[I 2025-04-28 20:56:31,487] A new study created in memory with name: no-name-3fbe5ba3-1287-486d-9de2-2ea8d26735b2
>>> Salvando il modello migliore in results/model_sgd_lambda_0.35_rho_None.pth
[I 2025-04-28 21:01:49,713] Trial 0 finished with value: 0.7964 and parameters: {'lambda_': 0.35000000000000003}. Best is trial 0 with value: 0.7964.
>>> Salvando il modello migliore in results/model_sgd_lambda_0.90_rho_None.pth
[I 2025-04-28 21:07:00,316] Trial 1 finished with value: 0.7382 and parameters: {'lambda_': 0.9}. Best is trial 1 with value: 0.7382.
>>> Salvando il modello migliore in results/model_sgd_lambda_0.45_rho_None.pth
[I 2025-04-28 21:12:13,106] Trial 2 finished with value: 0.7972 and parameters: {'lambda_': 0.45}. Best is trial 1 with value: 0.7382.
>>> Salvando il modello migliore in results/model_sgd_lambda_0.00_rho_None.pth
[I 2025-04-28 21:17:22,213] Trial 3 finished with value: 0.7652 and parameters: {'lambda_': 0.0}. Best is trial 1 with value: 0.7382.
>>> Salvando il modello migliore in results/model_sgd_lambda_0.60_rho_None.pth
[I 2025-04-28 21:22:32,980] Trial 4 finished with value: 0.7726 and parameters: {'lambda_': 0.6000000000000001}. Best is trial 1 with value: 0.7382.
>>> Salvando il modello migliore in results/model_sgd_lambda_0.15_rho_None.pth
[I 2025-04-28 21:27:44,116] Trial 5 finished with value: 0.7694 and parameters: {'lambda_': 0.15000000000000002}. Best is trial 1 with value: 0.7382.
>>> Salvando il modello migliore in results/model_sgd_lambda_0.50_rho_None.pth
[I 2025-04-28 21:32:55,377] Trial 6 finished with value: 0.7644 and parameters: {'lambda_': 0.5}. Best is trial 1 with value: 0.7382.
>>> Salvando il modello migliore in results/model_sgd_lambda_0.65_rho_None.pth
[I 2025-04-28 21:38:08,621] Trial 7 finished with value: 0.7816 and parameters: {'lambda_': 0.65}. Best is trial 1 with value: 0.7382.
>>> Salvando il modello migliore in results/model_sgd_lambda_0.95_rho_None.pth
[I 2025-04-28 21:43:19,574] Trial 8 finished with value: 0.7754 and parameters: {'lambda_': 0.9500000000000001}. Best is trial 1 with value: 0.7382.
>>> Salvando il modello migliore in results/model_sgd_lambda_0.05_rho_None.pth
[I 2025-04-28 21:48:31,114] Trial 9 finished with value: 0.7406 and parameters: {'lambda_': 0.05}. Best is trial 1 with value: 0.7382.
>>> Miglior Lambda trovato: 0.9000
>>> Training with SGD
>>> Loss configuration: logitnorm
>>> Training with SGD
>>> Loss configuration: logitnorm
>>> Salvando il modello migliore in results/model_sgd_lambda_0.90_rho_None.pth
>>> Modello migliore ricaricato da results/model_sgd_lambda_0.90_rho_None.pth

Sharpness: 105.45688724517822
Total parameters: 3412394, Zero parameters: 0
Sparcity: 0.0, Path norm: 38.3946328143528
Stability: 1.8394347378603015e-08, PredVar: 5.2154346955794826e-15
Risultati aggiunti a results/metrics_summary.csv
{'lambda': 0.9, 'val_loss': 0.6492445141077041, 'val_accuracy': 0.7796, 'test_loss': 0.6622910910769354, 'test_accuracy': 0.7811, 'sharpness': 105.45688724517822, 'sparsity': 0.0, 'path_norm': np.float64(38.3946328143528), 'stability': np.float32(1.8394347e-08), 'prediction_variance': np.float32(5.2154347e-15), 'robust_accuracy': 0.4117, 'flat_minima': 0.0040341378012789956, 'ece': tensor(0.0931, device='cuda:0')}
Training completo e metriche salvate!
