This job can be monitored from: https://job.c3se.chalmers.se/alvis/4108843
[I 2025-04-28 20:56:31,486] A new study created in memory with name: no-name-8003706c-d086-4348-9721-7aa90c792c73
>>> Salvando il modello migliore in results/model_sam_lambda_0.95_rho_0.05.pth
[I 2025-04-28 21:02:25,808] Trial 0 finished with value: 0.619 and parameters: {'lambda_': 0.9500000000000001}. Best is trial 0 with value: 0.619.
>>> Salvando il modello migliore in results/model_sam_lambda_0.65_rho_0.05.pth
[I 2025-04-28 21:08:10,642] Trial 1 finished with value: 0.7878 and parameters: {'lambda_': 0.65}. Best is trial 0 with value: 0.619.
>>> Salvando il modello migliore in results/model_sam_lambda_0.95_rho_0.05.pth
[I 2025-04-28 21:13:55,759] Trial 2 finished with value: 0.7582 and parameters: {'lambda_': 0.9500000000000001}. Best is trial 0 with value: 0.619.
>>> Salvando il modello migliore in results/model_sam_lambda_0.70_rho_0.05.pth
[I 2025-04-28 21:19:40,824] Trial 3 finished with value: 0.7598 and parameters: {'lambda_': 0.7000000000000001}. Best is trial 0 with value: 0.619.
>>> Salvando il modello migliore in results/model_sam_lambda_0.50_rho_0.05.pth
[I 2025-04-28 21:25:26,233] Trial 4 finished with value: 0.7806 and parameters: {'lambda_': 0.5}. Best is trial 0 with value: 0.619.
>>> Salvando il modello migliore in results/model_sam_lambda_0.90_rho_0.05.pth
[I 2025-04-28 21:31:12,379] Trial 5 finished with value: 0.778 and parameters: {'lambda_': 0.9}. Best is trial 0 with value: 0.619.
>>> Salvando il modello migliore in results/model_sam_lambda_0.75_rho_0.05.pth
[I 2025-04-28 21:36:57,890] Trial 6 finished with value: 0.785 and parameters: {'lambda_': 0.75}. Best is trial 0 with value: 0.619.
>>> Salvando il modello migliore in results/model_sam_lambda_0.15_rho_0.05.pth
[I 2025-04-28 21:42:43,166] Trial 7 finished with value: 0.7574 and parameters: {'lambda_': 0.15000000000000002}. Best is trial 0 with value: 0.619.
>>> Salvando il modello migliore in results/model_sam_lambda_0.35_rho_0.05.pth
[I 2025-04-28 21:48:27,913] Trial 8 finished with value: 0.7308 and parameters: {'lambda_': 0.35000000000000003}. Best is trial 0 with value: 0.619.
>>> Salvando il modello migliore in results/model_sam_lambda_0.30_rho_0.05.pth
[I 2025-04-28 21:54:12,860] Trial 9 finished with value: 0.7666 and parameters: {'lambda_': 0.30000000000000004}. Best is trial 0 with value: 0.619.
>>> Miglior Lambda trovato: 0.9500
>>> Training with SAM
>>> Loss configuration: saloss
>>> Training with SAM
>>> Loss configuration: saloss
>>> Salvando il modello migliore in results/model_sam_lambda_0.95_rho_0.05.pth
>>> Modello migliore ricaricato da results/model_sam_lambda_0.95_rho_0.05.pth

Sharpness: 61.08099961582619
Total parameters: 3412394, Zero parameters: 0
Sparcity: 0.0, Path norm: 39.256912486449465
Stability: 1.8568950821418184e-08, PredVar: 6.107675061778166e-15
Risultati aggiunti a results/metrics_summary.csv
{'lambda': 0.9500000000000001, 'val_loss': 0.7107796732336282, 'val_accuracy': 0.7534, 'test_loss': 0.7151816845694675, 'test_accuracy': 0.7611, 'sharpness': 61.08099961582619, 'sparsity': 0.0, 'path_norm': np.float64(39.256912486449465), 'stability': np.float32(1.856895e-08), 'prediction_variance': np.float32(6.107675e-15), 'robust_accuracy': 0.3609, 'flat_minima': 0.004405954216099992, 'ece': tensor(0.0942, device='cuda:0')}
Training completo e metriche salvate!
