This job can be monitored from: https://job.c3se.chalmers.se/alvis/4108845
[I 2025-04-28 20:56:31,469] A new study created in memory with name: no-name-089b2a06-b58c-4898-9f40-129d73698cff
>>> Salvando il modello migliore in results/model_sam_lambda_0.10_rho_0.05.pth
[I 2025-04-28 21:02:25,832] Trial 0 finished with value: 0.7482 and parameters: {'lambda_': 0.1}. Best is trial 0 with value: 0.7482.
>>> Salvando il modello migliore in results/model_sam_lambda_0.35_rho_0.05.pth
[I 2025-04-28 21:08:11,183] Trial 1 finished with value: 0.7864 and parameters: {'lambda_': 0.35000000000000003}. Best is trial 0 with value: 0.7482.
>>> Salvando il modello migliore in results/model_sam_lambda_0.40_rho_0.05.pth
[I 2025-04-28 21:13:56,378] Trial 2 finished with value: 0.7852 and parameters: {'lambda_': 0.4}. Best is trial 0 with value: 0.7482.
>>> Salvando il modello migliore in results/model_sam_lambda_0.25_rho_0.05.pth
[I 2025-04-28 21:19:41,433] Trial 3 finished with value: 0.6892 and parameters: {'lambda_': 0.25}. Best is trial 3 with value: 0.6892.
>>> Salvando il modello migliore in results/model_sam_lambda_0.10_rho_0.05.pth
[I 2025-04-28 21:25:28,394] Trial 4 finished with value: 0.7634 and parameters: {'lambda_': 0.1}. Best is trial 3 with value: 0.6892.
>>> Salvando il modello migliore in results/model_sam_lambda_0.60_rho_0.05.pth
[I 2025-04-28 21:31:15,034] Trial 5 finished with value: 0.7946 and parameters: {'lambda_': 0.6000000000000001}. Best is trial 3 with value: 0.6892.
>>> Salvando il modello migliore in results/model_sam_lambda_0.95_rho_0.05.pth
[I 2025-04-28 21:36:59,935] Trial 6 finished with value: 0.7726 and parameters: {'lambda_': 0.9500000000000001}. Best is trial 3 with value: 0.6892.
>>> Salvando il modello migliore in results/model_sam_lambda_0.15_rho_0.05.pth
[I 2025-04-28 21:42:47,809] Trial 7 finished with value: 0.7246 and parameters: {'lambda_': 0.15000000000000002}. Best is trial 3 with value: 0.6892.
>>> Salvando il modello migliore in results/model_sam_lambda_1.00_rho_0.05.pth
[I 2025-04-28 21:48:31,456] Trial 8 finished with value: 0.7628 and parameters: {'lambda_': 1.0}. Best is trial 3 with value: 0.6892.
>>> Salvando il modello migliore in results/model_sam_lambda_0.80_rho_0.05.pth
[I 2025-04-28 21:54:16,242] Trial 9 finished with value: 0.79 and parameters: {'lambda_': 0.8}. Best is trial 3 with value: 0.6892.
>>> Miglior Lambda trovato: 0.2500
>>> Training with SAM
>>> Loss configuration: logitnorm
>>> Training with SAM
>>> Loss configuration: logitnorm
>>> Salvando il modello migliore in results/model_sam_lambda_0.25_rho_0.05.pth
>>> Modello migliore ricaricato da results/model_sam_lambda_0.25_rho_0.05.pth

Sharpness: 7098.181830490692
Total parameters: 3412394, Zero parameters: 0
Sparcity: 0.0, Path norm: 28.290936070203863
Stability: 1.0759807267390897e-08, PredVar: 2.679377605676876e-15
Risultati aggiunti a results/metrics_summary.csv
{'lambda': 0.25, 'val_loss': 0.7138136066496372, 'val_accuracy': 0.7774, 'test_loss': 0.7169070839881897, 'test_accuracy': 0.7815, 'sharpness': 7098.181830490692, 'sparsity': 0.0, 'path_norm': np.float64(28.290936070203863), 'stability': np.float32(1.0759807e-08), 'prediction_variance': np.float32(2.6793776e-15), 'robust_accuracy': 0.4089, 'flat_minima': 0.0057331346258332454, 'ece': tensor(0.1065, device='cuda:0')}
Training completo e metriche salvate!
