This job can be monitored from: https://job.c3se.chalmers.se/alvis/4108846
[I 2025-04-28 20:56:31,466] A new study created in memory with name: no-name-f7cfe988-cbc4-406e-9753-dc77000c4b9d
>>> Salvando il modello migliore in results/model_sam_lambda_0.60_rho_0.05.pth
[I 2025-04-28 21:02:25,835] Trial 0 finished with value: 0.7378 and parameters: {'lambda_': 0.6000000000000001}. Best is trial 0 with value: 0.7378.
>>> Salvando il modello migliore in results/model_sam_lambda_0.95_rho_0.05.pth
[I 2025-04-28 21:08:11,703] Trial 1 finished with value: 0.7942 and parameters: {'lambda_': 0.9500000000000001}. Best is trial 0 with value: 0.7378.
>>> Salvando il modello migliore in results/model_sam_lambda_0.10_rho_0.05.pth
[I 2025-04-28 21:13:57,847] Trial 2 finished with value: 0.7768 and parameters: {'lambda_': 0.1}. Best is trial 0 with value: 0.7378.
>>> Salvando il modello migliore in results/model_sam_lambda_0.85_rho_0.05.pth
[I 2025-04-28 21:19:43,949] Trial 3 finished with value: 0.7324 and parameters: {'lambda_': 0.8500000000000001}. Best is trial 3 with value: 0.7324.
>>> Salvando il modello migliore in results/model_sam_lambda_0.95_rho_0.05.pth
[I 2025-04-28 21:25:31,686] Trial 4 finished with value: 0.7602 and parameters: {'lambda_': 0.9500000000000001}. Best is trial 3 with value: 0.7324.
>>> Salvando il modello migliore in results/model_sam_lambda_0.45_rho_0.05.pth
[I 2025-04-28 21:31:18,124] Trial 5 finished with value: 0.806 and parameters: {'lambda_': 0.45}. Best is trial 3 with value: 0.7324.
>>> Salvando il modello migliore in results/model_sam_lambda_0.10_rho_0.05.pth
[I 2025-04-28 21:37:04,986] Trial 6 finished with value: 0.8008 and parameters: {'lambda_': 0.1}. Best is trial 3 with value: 0.7324.
>>> Salvando il modello migliore in results/model_sam_lambda_0.90_rho_0.05.pth
[I 2025-04-28 21:42:53,032] Trial 7 finished with value: 0.7764 and parameters: {'lambda_': 0.9}. Best is trial 3 with value: 0.7324.
>>> Salvando il modello migliore in results/model_sam_lambda_0.95_rho_0.05.pth
[I 2025-04-28 21:48:38,853] Trial 8 finished with value: 0.758 and parameters: {'lambda_': 0.9500000000000001}. Best is trial 3 with value: 0.7324.
>>> Salvando il modello migliore in results/model_sam_lambda_0.75_rho_0.05.pth
[I 2025-04-28 21:54:25,709] Trial 9 finished with value: 0.759 and parameters: {'lambda_': 0.75}. Best is trial 3 with value: 0.7324.
>>> Miglior Lambda trovato: 0.8500
>>> Training with SAM
>>> Loss configuration: focal
>>> Training with SAM
>>> Loss configuration: focal
>>> Salvando il modello migliore in results/model_sam_lambda_0.85_rho_0.05.pth
>>> Modello migliore ricaricato da results/model_sam_lambda_0.85_rho_0.05.pth

Sharpness: 406.88962038257455
Total parameters: 3412394, Zero parameters: 0
Sparcity: 0.0, Path norm: 35.73389283581251
Stability: 2.2195186133444622e-08, PredVar: 7.392709593090612e-15
Risultati aggiunti a results/metrics_summary.csv
{'lambda': 0.8500000000000001, 'val_loss': 0.6864148113876581, 'val_accuracy': 0.7628, 'test_loss': 0.7407169432579717, 'test_accuracy': 0.7604, 'sharpness': 406.88962038257455, 'sparsity': 0.0, 'path_norm': np.float64(35.73389283581251), 'stability': np.float32(2.2195186e-08), 'prediction_variance': np.float32(7.39271e-15), 'robust_accuracy': 0.4121, 'flat_minima': 0.004354601796669296, 'ece': tensor(0.1060, device='cuda:0')}
Training completo e metriche salvate!
